[22:57:59] [main/INFO]: Loading Minecraft 1.21.8 with Fabric Loader 0.17.2
[22:58:05] [main/WARN]: Warnings were found!
 - Mod 'Dynamic Lights' (dynamiclights) 1.8.8+bump+mod recommends any version of modmenu, which is missing!
	 - You should install any version of modmenu for the optimal experience.
 - Mod 'Dynamic Lights' (dynamiclights) 1.8.8+bump+mod recommends any version of modmenu-badges-lib, which is missing!
	 - You should install any version of modmenu-badges-lib for the optimal experience.
 - Mod 'Dynamic Lights' (dynamiclights) 1.8.8+bump+mod recommends any version of midnightlib, which is missing!
	 - You should install any version of midnightlib for the optimal experience.
 - Mod 'Forge Config API Port' (forgeconfigapiport) 21.8.1 recommends any version of modmenu, which is missing!
	 - You should install any version of modmenu for the optimal experience.
[22:58:05] [main/INFO]: Loading 141 mods:
	- adorn 7.1.0+1.21.8
	   \-- blue_endless_jankson 1.2.1
	- advancednetherite 2.3.0-1.21.8
	- appleskin 3.0.6+mc1.21.6
	- architectury 17.0.8
	- balm 21.8.5
	   \-- kuma_api 21.8.2
	- biomesoplenty 21.8.0.5
	   \-- net_jodah_typetools 0.6.3
	- carryon 2.7.0
	- chococraft 0.14.1
	- chunky 1.4.40
	- cloth-config 19.0.147
	   \-- cloth-basic-math 0.6.1
	- collective 8.4
	- colossalchests 1.8.10
	- cookingforblockheads 21.8.1
	- ctov 3.5.10
	- cyclopscore 1.25.5
	- diagonalfences 21.8.1
	   \-- diagonalblocks 21.8.1
	- diagonalwindows 21.8.1
	   \-- diagonalblocks 21.8.1
	- distanthorizons 2.3.4-b
	   |-- fabric-key-binding-api-v1 1.0.65+946bf4c3f3
	   |-- fabric-rendering-v1 12.4.0+e8d43c76f3
	   \-- fabric-screen-api-v1 2.1.0+277ecf7df3
	- dynamiclights 1.8.8+bump+mod
	- easymagic 21.8.0
	- emotecraft 3.0.0-a.build.108
	   |-- bendable_cuboids 1.0.2+mc1.21.7
	   |-- net_raphimc_noteblocklib 3.1.0-SNAPSHOT
	   \-- player_animation_library 1.0.4+mc1.21.7
	        \-- org_javassist_javassist 3.30.2-GA
	- fabric-api 0.133.0+1.21.8
	   |-- fabric-api-base 0.5.0+cd8c0daa2c
	   |-- fabric-api-lookup-api-v1 1.6.101+946bf4c32c
	   |-- fabric-biome-api-v1 16.0.11+946bf4c32c
	   |-- fabric-block-api-v1 1.1.3+946bf4c32c
	   |-- fabric-block-view-api-v2 1.0.31+946bf4c32c
	   |-- fabric-command-api-v2 2.3.1+52fff9ec2c
	   |-- fabric-content-registries-v0 10.1.0+c75de69d2c
	   |-- fabric-convention-tags-v1 2.1.41+7f945d5b2c
	   |-- fabric-convention-tags-v2 2.15.6+eb5df52f2c
	   |-- fabric-crash-report-info-v1 0.3.15+946bf4c32c
	   |-- fabric-data-attachment-api-v1 1.8.12+38b5f74e2c
	   |-- fabric-data-generation-api-v1 23.2.6+0b1ef9762c
	   |-- fabric-dimensions-v1 4.0.20+948fc79a2c
	   |-- fabric-entity-events-v1 2.1.2+c9e472732c
	   |-- fabric-events-interaction-v0 4.0.24+946bf4c32c
	   |-- fabric-game-rule-api-v1 1.0.73+c64c9c5b2c
	   |-- fabric-item-api-v1 11.5.0+02ce13f42c
	   |-- fabric-item-group-api-v1 4.2.14+c5f9bbc12c
	   |-- fabric-key-binding-api-v1 1.0.65+946bf4c32c
	   |-- fabric-lifecycle-events-v1 2.6.4+db4dfd852c
	   |-- fabric-loot-api-v2 3.0.56+3f89f5a52c
	   |-- fabric-loot-api-v3 2.0.3+946bf4c32c
	   |-- fabric-message-api-v1 6.1.2+946bf4c32c
	   |-- fabric-model-loading-api-v1 5.2.7+946bf4c32c
	   |-- fabric-networking-api-v1 5.0.2+946bf4c32c
	   |-- fabric-object-builder-api-v1 21.1.8+946bf4c32c
	   |-- fabric-particles-v1 4.1.8+946bf4c32c
	   |-- fabric-recipe-api-v1 8.1.15+946bf4c32c
	   |-- fabric-registry-sync-v0 6.1.28+946bf4c32c
	   |-- fabric-renderer-api-v1 7.0.4+208eed172c
	   |-- fabric-renderer-indigo 4.0.4+946bf4c32c
	   |-- fabric-rendering-fluids-v1 3.1.31+fa6cb72b2c
	   |-- fabric-rendering-v1 12.5.1+fbe231d52c
	   |-- fabric-resource-conditions-api-v1 5.0.25+98e6d6db2c
	   |-- fabric-resource-loader-v0 3.1.12+020423442c
	   |-- fabric-screen-api-v1 2.1.1+277ecf7d2c
	   |-- fabric-screen-handler-api-v1 1.3.137+946bf4c32c
	   |-- fabric-serialization-api-v1 1.0.0+fc0e5aba2c
	   |-- fabric-sound-api-v1 1.0.42+946bf4c32c
	   |-- fabric-tag-api-v1 1.2.2+946bf4c32c
	   |-- fabric-transfer-api-v1 6.0.6+946bf4c32c
	   \-- fabric-transitive-access-wideners-v1 6.5.0+c847ce762c
	- fabric-language-kotlin 1.13.4+kotlin.2.2.0
	   |-- org_jetbrains_kotlin_kotlin-reflect 2.2.0
	   |-- org_jetbrains_kotlin_kotlin-stdlib 2.2.0
	   |-- org_jetbrains_kotlin_kotlin-stdlib-jdk7 2.2.0
	   |-- org_jetbrains_kotlin_kotlin-stdlib-jdk8 2.2.0
	   |-- org_jetbrains_kotlinx_atomicfu-jvm 0.28.0
	   |-- org_jetbrains_kotlinx_kotlinx-coroutines-core-jvm 1.10.2
	   |-- org_jetbrains_kotlinx_kotlinx-coroutines-jdk8 1.10.2
	   |-- org_jetbrains_kotlinx_kotlinx-datetime-jvm 0.6.2
	   |-- org_jetbrains_kotlinx_kotlinx-io-bytestring-jvm 0.7.0
	   |-- org_jetbrains_kotlinx_kotlinx-io-core-jvm 0.7.0
	   |-- org_jetbrains_kotlinx_kotlinx-serialization-cbor-jvm 1.8.1
	   |-- org_jetbrains_kotlinx_kotlinx-serialization-core-jvm 1.8.1
	   \-- org_jetbrains_kotlinx_kotlinx-serialization-json-jvm 1.8.1
	- fabricloader 0.17.2
	   \-- mixinextras 0.5.0
	- fallingtree 1.21.8.1
	- forgeconfigapiport 21.8.1
	   |-- com_electronwill_night-config_core 3.8.3
	   \-- com_electronwill_night-config_toml 3.8.3
	- framework 0.12.3
	   \-- org_reflections_reflections 0.10.2
	- fusion 1.2.10
	- glitchcore 21.8.0.0
	   \-- net_jodah_typetools 0.6.3
	- goblintraders 1.11.2
	- hangglider 21.8.0
	- jade 19.3.2+fabric
	- java 21
	- justzoom 2.1.1
	- konkrete 1.9.12
	- lithostitched 1.5.0+beta2
	- livingthings 1.21.8-2.3.0
	- mcwbridges 3.1.0
	- mcwdoors 1.1.2
	- mcwpaths 1.1.0
	- mcwroofs 2.3.2
	- mcwstairs 1.0.1
	- mcwwindows 2.4.0
	- minecraft 1.21.8
	- movingelevators 1.4.11
	- mr_true_ending 1-v1.1.4b
	- mvs 4.4.6-1.21.8-fabric
	- onlyhammersandexcavators 1.21.8-0.1
	- puzzleslib 21.8.6
	- rechiseled 1.1.6+b
	- refurbished_furniture 1.0.18
	- roughlyenoughitems 20.0.811
	   \-- error_notifier 1.0.11
	- sereneseasons 21.8.0.0
	   \-- net_jodah_typetools 0.6.3
	- sound_physics_remastered 1.21.8-1.4.15
	- storagedrawers 18.0.1
	- supermartijn642configlib 1.1.8
	- supermartijn642corelib 1.1.18+d
	- terrablender 6.0.0.3
	- terralith 2.5.11
	- trashslot 21.8.1
	- universal-graves 3.8.1+1.21.6
	   |-- common-protection-api 1.0.0
	   |-- fabric-permissions-api-v0 0.3.4-patbox
	   |-- placeholder-api 2.7.0+1.21.6
	   |-- polymer-core 0.13.2+1.21.6
	   |    |-- polymer-networking 0.13.2+1.21.6
	   |    |    \-- polymer-common 0.13.2+1.21.6
	   |    |         \-- packet_tweaker 0.6.0-pre.1+1.21.2-pre3
	   |    \-- polymer-registry-sync-manipulator 0.13.2+1.21.6
	   |-- polymer-resource-pack 0.13.2+1.21.6
	   |    \-- polymer-common 0.13.2+1.21.6
	   |         \-- packet_tweaker 0.6.0-pre.1+1.21.2-pre3
	   |-- polymer-virtual-entity 0.13.2+1.21.6
	   |    \-- polymer-common 0.13.2+1.21.6
	   |         \-- packet_tweaker 0.6.0-pre.1+1.21.2-pre3
	   |-- predicate-api 0.6.0+1.21.2
	   |-- server_translations_api 2.5.1+1.21.5
	   |    \-- packet_tweaker 0.6.0-pre.1+1.21.2-pre3
	   \-- sgui 1.10.0+1.21.6
	- visualworkbench 21.8.1
	- vtaw_mw 1.1.0
	- waystones 21.8.3
	- weaponmaster_ydm 4.4.1
	- xaerominimap 25.2.12
	- xaeroworldmap 1.39.13
[22:58:05] [main/WARN]: Found 1 non-fabric mod:
	- balm-neoforge-1.21.8-21.8.5.jar
[22:58:07] [main/INFO]: SpongePowered MIXIN Subsystem Version=0.8.7 Source=file:/workspaces/serveragosto/servidor_minecraft/libraries/net/fabricmc/sponge-mixin/0.16.3+mixin.0.8.7/sponge-mixin-0.16.3+mixin.0.8.7.jar Service=Knot/Fabric Env=SERVER
[22:58:07] [main/INFO]: Compatibility level set to JAVA_16
[22:58:07] [main/INFO]: Compatibility level set to JAVA_21
[22:58:07] [main/WARN]: Reference map '[common]ctov-common-refmap.json' for ctov-common.mixins.json could not be read. If this is a development environment you can ignore this message
[22:58:07] [main/WARN]: Reference map 'diagonalfences.common.refmap.json' for diagonalfences.common.mixins.json could not be read. If this is a development environment you can ignore this message
[22:58:07] [main/WARN]: Reference map 'diagonalfences.fabric.refmap.json' for diagonalfences.fabric.mixins.json could not be read. If this is a development environment you can ignore this message
[22:58:07] [main/WARN]: Reference map 'diagonalwindows.common.refmap.json' for diagonalwindows.common.mixins.json could not be read. If this is a development environment you can ignore this message
[22:58:07] [main/WARN]: Reference map 'diagonalwindows.fabric.refmap.json' for diagonalwindows.fabric.mixins.json could not be read. If this is a development environment you can ignore this message
[22:58:07] [main/WARN]: Reference map 'forgeconfigapiport.common.refmap.json' for forgeconfigapiport.common.mixins.json could not be read. If this is a development environment you can ignore this message
[22:58:07] [main/WARN]: Reference map 'hangglider.fabric.refmap.json' for hangglider.fabric.mixins.json could not be read. If this is a development environment you can ignore this message
[22:58:07] [main/WARN]: Reference map 'rechiseled.mixins.refmap.json' for rechiseled.mixins.json could not be read. If this is a development environment you can ignore this message
[22:58:07] [main/WARN]: Reference map 'supermartijn642configlib.mixins.refmap.json' for supermartijn642configlib.mixins.json could not be read. If this is a development environment you can ignore this message
[22:58:07] [main/WARN]: Reference map 'trashslot.refmap.json' for trashslot.mixins.json could not be read. If this is a development environment you can ignore this message
[22:58:07] [main/WARN]: Reference map 'trashslot.refmap.json' for trashslot.fabric.mixins.json could not be read. If this is a development environment you can ignore this message
[22:58:07] [main/WARN]: Reference map 'visualworkbench.fabric.refmap.json' for visualworkbench.fabric.mixins.json could not be read. If this is a development environment you can ignore this message
[22:58:08] [main/WARN]: Error loading class: net/fabricmc/fabric/impl/gametest/FabricGameTestModInitializer (java.lang.ClassNotFoundException: net/fabricmc/fabric/impl/gametest/FabricGameTestModInitializer)
[22:58:08] [main/WARN]: @Mixin target net.fabricmc.fabric.impl.gametest.FabricGameTestModInitializer was not found mixins.cyclopscore.json:MixinFabricGameTestModInitializer from mod cyclopscore
[22:58:09] [main/WARN]: Error loading class: com/simibubi/create/content/kinetics/base/BlockBreakingKineticBlockEntity (java.lang.ClassNotFoundException: com/simibubi/create/content/kinetics/base/BlockBreakingKineticBlockEntity)
[22:58:09] [main/WARN]: Error loading class: net/fabricmc/fabric/api/client/rendering/v1/EntityModelLayerRegistry$TexturedModelDataProvider (java.lang.ClassNotFoundException: net/fabricmc/fabric/api/client/rendering/v1/EntityModelLayerRegistry$TexturedModelDataProvider)
[22:58:09] [main/INFO]: Initializing MixinExtras via com.llamalad7.mixinextras.service.MixinExtrasServiceImpl(version=0.5.0).
[22:58:25] [main/INFO]: Reflections took 623 ms to scan 3 urls, producing 12 keys and 163 values
[22:58:26] [main/INFO]: Registered synced data key refurbished_furniture:lock_yaw for refurbished_furniture:seat
[22:58:29] [main/INFO]: Initializing platform helper for Advanced Netherite!
[22:58:30] [main/INFO]: Loading Collective version 8.4.
[22:58:30] [main/INFO]: Constructing components for diagonalblocks:common
[22:58:30] [main/INFO]: Constructing components for diagonalfences:common
[22:58:30] [main/INFO]: Constructing shapes for DiagonalFenceBlock[NodeWidth=2.0,ExtensionWidth=2.0,NodeTop=24.0,ExtensionBottom=0.0,ExtensionTop=24.0] took 74ms
[22:58:30] [main/INFO]: Constructing shapes for DiagonalFenceBlock[NodeWidth=2.0,ExtensionWidth=1.0,NodeTop=16.0,ExtensionBottom=6.0,ExtensionTop=15.0] took 230ms
[22:58:32] [main/INFO]: Constructing components for diagonalwindows:common
[22:58:32] [main/INFO]: Constructing shapes for DiagonalStainedGlassPaneBlock[NodeWidth=1.0,ExtensionWidth=1.0,NodeTop=16.0,ExtensionBottom=0.0,ExtensionTop=16.0] took 34ms
[22:58:33] [main/INFO]: [Dynamic Lights] Loaded Dynamic Lights by Tschipcraft successfully!
[22:58:33] [main/INFO]: Constructing components for easymagic:common
[22:58:33] [main/INFO]: Dispatching loading event for config easymagic-common.toml
[22:58:33] [main/INFO]: Registered synced config with path sereneseasons/fertility.toml
[22:58:33] [main/INFO]: Registered synced config with path sereneseasons/seasons.toml
[22:58:35] [main/INFO]: Constructing components for hangglider:common
[22:58:35] [main/WARN]: [JUST ZOOM] Disabling 'Just Zoom' since it's a client-side mod and current environment is server!
[22:58:35] [main/INFO]: [KONKRETE] Loading v1.9.12 in server-side mode on FABRIC!
[22:58:35] [main/INFO]: ---------------------------
[22:58:35] [main/INFO]: KONKRETE SHIPS AND USES THE FOLLOWING LIBRARIES:
[22:58:35] [main/INFO]:  
[22:58:35] [main/INFO]: Open Imaging Copyright © 2014 Dhyan Blum.
[22:58:35] [main/INFO]: Open Imaging is licensed under Apache-2.0.
[22:58:35] [main/INFO]:  
[22:58:35] [main/INFO]: JsonPath Copyright © 2017 Jayway.
[22:58:35] [main/INFO]: JsonPath is licensed under Apache-2.0.
[22:58:35] [main/INFO]:  
[22:58:35] [main/INFO]: Json-smart Copyright © netplex.
[22:58:35] [main/INFO]: Json-smart is licensed under Apache-2.0.
[22:58:35] [main/INFO]:  
[22:58:35] [main/INFO]: Exp4j Copyright © Frank Asseg.
[22:58:35] [main/INFO]: Exp4j is licensed under Apache-2.0. https://github.com/fasseg/exp4j
[22:58:35] [main/INFO]: ---------------------------
[22:58:35] [main/INFO]: [KONKRETE] Server-side modules initialized and ready to use!
[22:58:35] [main/INFO]: Loaded FabricRegistrationFactory for service Factory
[22:58:35] [main/INFO]: Loaded FabricPlatformHelper for service IPlatformHelper
[22:58:35] [main/INFO]: Config 'livingthings.json' was successfully loaded.
[22:58:35] [main/INFO]: Config 'penguin.json' was successfully loaded.
[22:58:35] [main/INFO]: Config 'elephant.json' was successfully loaded.
[22:58:35] [main/INFO]: Config 'giraffe.json' was successfully loaded.
[22:58:35] [main/INFO]: Config 'lion.json' was successfully loaded.
[22:58:35] [main/INFO]: Config 'shark.json' was successfully loaded.
[22:58:35] [main/INFO]: Config 'ostrich.json' was successfully loaded.
[22:58:35] [main/INFO]: Config 'flamingo.json' was successfully loaded.
[22:58:35] [main/INFO]: Config 'crab.json' was successfully loaded.
[22:58:35] [main/INFO]: Config 'mantaray.json' was successfully loaded.
[22:58:35] [main/INFO]: Config 'raccoon.json' was successfully loaded.
[22:58:35] [main/INFO]: Config 'owl.json' was successfully loaded.
[22:58:35] [main/INFO]: Config 'ancient_blaze.json' was successfully loaded.
[22:58:35] [main/INFO]: Config 'koala.json' was successfully loaded.
[22:58:35] [main/INFO]: Config 'snail.json' was successfully loaded.
[22:58:35] [main/INFO]: Config 'monkey.json' was successfully loaded.
[22:58:35] [main/INFO]: Config 'nether_knight.json' was successfully loaded.
[22:58:35] [main/INFO]: Config 'shroomie.json' was successfully loaded.
[22:58:35] [main/INFO]: Config 'seahorse.json' was successfully loaded.
[22:58:35] [main/INFO]: Config 'baby_ender_dragon.json' was successfully loaded.
[22:58:35] [main/INFO]: Config 'peacock.json' was successfully loaded.
[22:58:35] [main/INFO]: Registering MobAttributes
[22:58:35] [main/INFO]: Registering SpawnPlacements
[22:58:38] [main/INFO]: [STDOUT]: All 40 have been set properly
[22:58:38] [main/INFO]: Registering Item Groups for onlyhammersandexcavators
[22:58:38] [main/INFO]: Constructing components for puzzleslib:common
[22:58:39] [main/INFO]: [REI] Registered plugin provider AdornReiServer [adorn] for REICommonPlugin
[22:58:39] [main/INFO]: Registering C2S receiver with id roughlyenoughitems:request_tags_c2s
[22:58:39] [main/INFO]: [REI] Registered plugin provider DefaultPlugin [roughlyenoughitems] for REICommonPlugin
[22:58:39] [main/INFO]: [REI] Registered plugin provider DefaultRuntimePlugin [roughlyenoughitems] for REICommonPlugin
[22:58:39] [main/INFO]: [REI] Registered plugin provider FabricFluidAPISupportPlugin for REICommonPlugin
[22:58:39] [main/INFO]: Registering C2S receiver with id roughlyenoughitems:delete_item
[22:58:39] [main/INFO]: Registering C2S receiver with id roughlyenoughitems:create_item
[22:58:39] [main/INFO]: Registering C2S receiver with id roughlyenoughitems:create_item_grab
[22:58:39] [main/INFO]: Registering C2S receiver with id roughlyenoughitems:create_item_hotbar
[22:58:39] [main/INFO]: Registering C2S receiver with id roughlyenoughitems:move_items_new
[22:58:39] [main/INFO]: New compacting rule 4 minecraft:clay_ball = 1 minecraft:clay
[22:58:39] [main/INFO]: New compacting rule 4 minecraft:snowball = 1 minecraft:snow_block
[22:58:39] [main/INFO]: New compacting rule 4 minecraft:glowstone_dust = 1 minecraft:glowstone
[22:58:39] [main/INFO]: New compacting rule 4 minecraft:brick = 1 minecraft:bricks
[22:58:39] [main/INFO]: New compacting rule 4 minecraft:nether_brick = 1 minecraft:nether_bricks
[22:58:39] [main/INFO]: New compacting rule 9 minecraft:nether_wart = 1 minecraft:nether_wart_block
[22:58:39] [main/INFO]: New compacting rule 4 minecraft:quartz = 1 minecraft:quartz_block
[22:58:39] [main/INFO]: New compacting rule 9 minecraft:melon_slice = 1 minecraft:melon
[22:58:39] [main/INFO]: New compacting rule 4 minecraft:clay_ball = 1 minecraft:clay
[22:58:39] [main/INFO]: Registered region minecraft:overworld to index 0 for type OVERWORLD
[22:58:39] [main/INFO]: Registered region minecraft:nether to index 0 for type NETHER
[22:58:39] [main/INFO]: Registered region biomesoplenty:overworld_primary to index 1 for type OVERWORLD
[22:58:39] [main/INFO]: Registered region biomesoplenty:overworld_secondary to index 2 for type OVERWORLD
[22:58:39] [main/INFO]: Registered region biomesoplenty:overworld_rare to index 3 for type OVERWORLD
[22:58:39] [main/INFO]: Registered region biomesoplenty:nether_common to index 1 for type NETHER
[22:58:39] [main/INFO]: Registered region biomesoplenty:nether_rare to index 2 for type NETHER
[22:58:39] [main/INFO]: Constructing components for visualworkbench:common
[22:58:39] [main/INFO]: Dispatching loading event for config visualworkbench-common.toml
[22:58:39] [main/INFO]: [STDOUT]: Registered Mod Items for vtaw_mw
[22:58:39] [main/INFO]: [STDOUT]: Initialize WeaponMaster
[22:58:39] [main/INFO]: Initializing Distant Horizons server, firing DhApiBeforeDhInitEvent event...
[22:58:40] [main/INFO]: Distant Horizons, Version: 2.3.4-b
[22:58:40] [main/INFO]: Registering Fabric Server Events
[22:58:40] [main/INFO]: Distant Horizons server Initialized, adding event subscribers...
[22:58:40] [main/INFO]: Loading Xaero's Minimap - Stage 1/2 (Server)
[22:58:40] [main/INFO]: Loading Xaero's World Map - Stage 1/2 (Server)
[22:58:40] [main/INFO]: Environment: Environment[sessionHost=https://sessionserver.mojang.com, servicesHost=https://api.minecraftservices.com, name=PROD]
[22:58:45] [Worker-Main-1/INFO]: Command '/livingthings' registered
[22:58:45] [Worker-Main-1/ERROR]: Couldn't parse data file 'colossalchests:chest_wall_silver' from 'colossalchests:recipe/chest_wall_silver.json': DataResult.Error['Map entry 'I' : Failed to parse either. First: Not a JSON object: "#c:ingots/silver"; Second: Missing tag: 'c:ingots/silver' in 'minecraft:item'']
[22:58:45] [Worker-Main-1/ERROR]: Couldn't parse data file 'storagedrawers:personal_key_cofh' from 'storagedrawers:recipe/personal_key_cofh.json': DataResult.Error['Failed to parse either. First: Not a JSON object: "#cofh_core:crafting/locks"; Second: Missing tag: 'cofh_core:crafting/locks' in 'minecraft:item'': net.minecraft.class_1867@5a6cbed1]
[22:58:47] [main/INFO]: Loaded 6243 recipes
[22:58:47] [main/INFO]: Loaded 4283 advancements
[22:58:47] [main/INFO]: Loaded 45 chiseling recipes
[22:58:47] [Thread-4/INFO]: Loaded 58 translation keys
[22:58:49] [main/INFO]: Initialized TerraBlender biomes for level stem minecraft:overworld
[22:58:49] [main/INFO]: Initialized TerraBlender biomes for level stem minecraft:the_nether
[22:58:49] [main/INFO]: Applied 399 biome modifications to 218 of 228 new biomes in 36.48 ms
[22:58:49] [Server thread/INFO]: Dispatching loading event for config easymagic-server.toml
[22:58:49] [Server thread/INFO]: Dispatching loading event for config hangglider-server.toml
[22:58:49] [Server thread/INFO]: Initialising config for DistantHorizons
[22:58:49] [Server thread/INFO]: Config for DistantHorizons initialised
[22:58:49] [Server thread/WARN]: Multiple potential preset options [LOW_IMPACT, BALANCED], defaulting to the first one.
[22:58:49] [Server thread/INFO]: Running Delayed setup...
[22:58:49] [Server thread/INFO]: Delayed setup complete, firing DhApiAfterDhInitEvent event...
[22:58:49] [Server thread/INFO]: Checking for Distant Horizons update
[22:58:50] [Server thread/INFO]: Distant Horizons already up to date.
[22:58:50] [Server thread/INFO]: Distant Horizons server Initialized at 
[22:58:50] [Server thread/INFO]: Loading server configs...
[22:58:50] [Server thread/INFO]: Started [DhServerWorld] of type [SERVER_ONLY].
[22:58:50] [Server thread/INFO]: Starting minecraft server version 1.21.8
[22:58:50] [Server thread/INFO]: Loading properties
[22:58:50] [Server thread/INFO]: Default game type: SURVIVAL
[22:58:50] [Server thread/INFO]: Generating keypair
[22:58:50] [Server thread/INFO]: Starting Minecraft server on *:25565
[22:58:51] [Server thread/INFO]: Using epoll channel type
[22:58:51] [Server thread/WARN]: **** SERVER IS RUNNING IN OFFLINE/INSECURE MODE!
[22:58:51] [Server thread/WARN]: The server will make no attempt to authenticate usernames. Beware.
[22:58:51] [Server thread/WARN]: While this makes the game possible to play without internet access, it also opens up the ability for hackers to connect with any username they choose.
[22:58:51] [Server thread/WARN]: To change this, set "online-mode" to "true" in the server.properties file.
[22:58:51] [Server thread/INFO]: Preparing level "world"
[22:58:52] [DH-Full Data Migration Thread[0]/INFO]: Attempting to migrate data sources for: [minecraft:overworld]-[./world/data]...
[22:58:52] [DH-Full Data Migration Thread[0]/INFO]: Found [0] data sources that need migration.
[22:58:52] [DH-ApplyConfigPresetTimer/INFO]: changing preset to: LOW_IMPACT
[22:58:52] [DH-ApplyConfigPresetTimer/INFO]: changing preset to: MEDIUM
[22:58:52] [DH-Full Data Migration Thread[0]/INFO]: No migration necessary.
[22:58:52] [Server thread/INFO]: Started DhServerLevel for [Wrapped{ServerLevel[world]@minecraft:overworld}] at [[LocalSaveStructure@(./world/data)]].
[22:58:52] [DH-ApplyConfigPresetTimer/WARN]: Multiple potential preset options [LOW_IMPACT, BALANCED], defaulting to the first one.
[22:58:52] [DH-ApplyConfigPresetTimer/INFO]: preset active: LOW_IMPACT
[22:58:52] [DH-ApplyConfigPresetTimer/INFO]: preset active: MEDIUM
[22:58:52] [DH-Full Data Migration Thread[0]/INFO]: Attempting to migrate data sources for: [minecraft:the_end]-[./world/DIM1/data]...
[22:58:52] [DH-Full Data Migration Thread[0]/INFO]: Found [0] data sources that need migration.
[22:58:52] [DH-Full Data Migration Thread[0]/INFO]: No migration necessary.
[22:58:52] [Server thread/INFO]: Started DhServerLevel for [Wrapped{ServerLevel[world]@minecraft:the_end}] at [[LocalSaveStructure@(./world/DIM1/data;./world/data)]].
[22:58:52] [DH-Full Data Migration Thread[0]/INFO]: Attempting to migrate data sources for: [minecraft:the_nether]-[./world/DIM-1/data]...
[22:58:52] [DH-Full Data Migration Thread[0]/INFO]: Found [0] data sources that need migration.
[22:58:52] [DH-Full Data Migration Thread[0]/INFO]: No migration necessary.
[22:58:52] [Server thread/INFO]: Started DhServerLevel for [Wrapped{ServerLevel[world]@minecraft:the_nether}] at [[LocalSaveStructure@(./world/DIM-1/data;./world/DIM1/data;./world/data)]].
[22:58:52] [Server thread/INFO]: Preparing start region for dimension minecraft:overworld
[22:59:02] [Worker-Main-1/INFO]: Preparing spawn area: 0%
[22:59:02] [Worker-Main-1/INFO]: Preparing spawn area: 0%
[22:59:02] [Worker-Main-1/INFO]: Preparing spawn area: 0%
[22:59:02] [Worker-Main-1/INFO]: Preparing spawn area: 0%
[22:59:02] [Worker-Main-1/INFO]: Preparing spawn area: 0%
[22:59:02] [Worker-Main-1/INFO]: Preparing spawn area: 0%
[22:59:02] [Worker-Main-1/INFO]: Preparing spawn area: 0%
[22:59:02] [Worker-Main-1/INFO]: Preparing spawn area: 0%
[22:59:02] [Worker-Main-1/INFO]: Preparing spawn area: 0%
[22:59:02] [Worker-Main-1/INFO]: Preparing spawn area: 0%
[22:59:02] [Worker-Main-1/INFO]: Preparing spawn area: 0%
[22:59:02] [Worker-Main-1/INFO]: Preparing spawn area: 0%
[22:59:02] [Worker-Main-1/INFO]: Preparing spawn area: 0%
[22:59:02] [Worker-Main-1/INFO]: Preparing spawn area: 0%
[22:59:02] [Worker-Main-1/INFO]: Preparing spawn area: 0%
[22:59:02] [Worker-Main-1/INFO]: Preparing spawn area: 0%
[22:59:02] [Worker-Main-1/INFO]: Preparing spawn area: 0%
[22:59:02] [Worker-Main-1/INFO]: Preparing spawn area: 0%
[22:59:02] [Worker-Main-1/INFO]: Preparing spawn area: 0%
[22:59:02] [Worker-Main-1/INFO]: Preparing spawn area: 0%
[22:59:02] [Worker-Main-1/INFO]: Preparing spawn area: 0%
[22:59:03] [Server thread/INFO]: Time elapsed: 10625 ms
[22:59:03] [Server thread/INFO]: Done (11.960s)! For help, type "help"
[22:59:03] [Server thread/INFO]: [REI] @@@@@@@@@@@@@@@@@@@@@@@@@@@@@@@@@@@@@@@@
[22:59:03] [Server thread/INFO]: [REI] REICommonPlugin starting main-reload for START.
[22:59:03] [Server thread/INFO]: [REI] Plugins (4):
[22:59:03] [Server thread/INFO]: [REI]  - (-100.00) DefaultPlugin of DefaultPlugin [roughlyenoughitems]
[22:59:03] [Server thread/INFO]: [REI]  - (0.00) FabricFluidAPISupportPlugin
[22:59:03] [Server thread/INFO]: [REI]  - (0.00) DefaultRuntimePlugin of DefaultRuntimePlugin [roughlyenoughitems]
[22:59:03] [Server thread/INFO]: [REI]  - (0.00) AdornReiServer of AdornReiServer [adorn]
[22:59:03] [Server thread/INFO]: [REI] @@@@@@@@@@@@@@@@@@@@@@@@@@@@@@@@@@@@@@@@
[22:59:03] [Server thread/INFO]: [REI] REICommonPlugin finished post-reload for START in 8.993 ms, totaling 193.6 ms.
[22:59:03] [Server thread/INFO]: [REI] ########################################
[22:59:03] [Server thread/INFO]: [REI] REICommonPlugin starting main-reload for END.
[22:59:03] [Server thread/INFO]: [REI] Plugins (4):
[22:59:03] [Server thread/INFO]: [REI]  - (-100.00) DefaultPlugin of DefaultPlugin [roughlyenoughitems]
[22:59:03] [Server thread/INFO]: [REI]  - (0.00) FabricFluidAPISupportPlugin
[22:59:03] [Server thread/INFO]: [REI]  - (0.00) DefaultRuntimePlugin of DefaultRuntimePlugin [roughlyenoughitems]
[22:59:03] [Server thread/INFO]: [REI]  - (0.00) AdornReiServer of AdornReiServer [adorn]
[22:59:03] [Server thread/INFO]: [REI] ########################################
[22:59:03] [Server thread/INFO]: [REI] REICommonPlugin finished post-reload for END in 1.031 ms, totaling 381.3 ms.
[22:59:03] [Server thread/INFO]: Start loading plugin from Balm: net.blay09.mods.balm.fabric.compat.hudinfo.FabricJadeModCompat
[22:59:03] [Server thread/INFO]: Start loading plugin from Cooking for Blockheads: net.blay09.mods.cookingforblockheads.fabric.compat.FabricJadeCookingForBlockheadsPlugin
[22:59:03] [Server thread/INFO]: Start loading plugin from Jade: snownee.jade.addon.core.CorePlugin
[22:59:03] [Server thread/INFO]: Start loading plugin from Jade: snownee.jade.addon.vanilla.VanillaPlugin
[22:59:03] [Server thread/INFO]: Start loading plugin from Jade: snownee.jade.addon.universal.UniversalPlugin
[22:59:03] [Server thread/INFO]: Start loading plugin from Jade: snownee.jade.addon.access.AccessibilityPlugin
[22:59:03] [Server thread/INFO]: Start loading plugin from Jade: snownee.jade.addon.debug.DebugPlugin
[22:59:03] [Server thread/INFO]: Start loading plugin from Polymer (Core): eu.pb4.polymer.core.impl.client.compat.JadeCompatibility
[22:59:03] [Server thread/INFO]: Start loading plugin from Waystones: net.blay09.mods.waystones.compat.JadeIntegration
[22:59:03] [Server thread/INFO]: Loading Xaero's Minimap - Stage 2/2 (Server)
[22:59:03] [Server thread/INFO]: Loading Xaero's World Map - Stage 2/2 (Server)
[22:59:04] [Server thread/INFO]: DH TerraFirmaCraft detection: false
[22:59:04] [Server thread/INFO]: ================WORLD_GEN_STEP_INITING=============
[22:59:04] [Server thread/INFO]: Batch Chunk Generator initialized
[22:59:04] [Server thread/INFO]: Creating world gen queue
[22:59:04] [Server thread/INFO]: Created world gen queue
[22:59:04] [Server thread/INFO]: Set world gen queue for level [minecraft:the_nether].
[22:59:04] [Server thread/INFO]: ================WORLD_GEN_STEP_INITING=============
[22:59:04] [Server thread/INFO]: Batch Chunk Generator initialized
[22:59:04] [Server thread/INFO]: Creating world gen queue
[22:59:04] [Server thread/INFO]: Created world gen queue
[22:59:04] [Server thread/INFO]: Set world gen queue for level [minecraft:the_end].
[22:59:04] [Server thread/INFO]: ================WORLD_GEN_STEP_INITING=============
[22:59:04] [Server thread/INFO]: Batch Chunk Generator initialized
[22:59:04] [Server thread/INFO]: Creating world gen queue
[22:59:04] [Server thread/INFO]: Created world gen queue
[22:59:04] [Server thread/INFO]: Set world gen queue for level [minecraft:overworld].
[23:00:02] [Server thread/INFO]: T-800[/100.81.89.20:57295] logged in with entity id 4 at (619.3396137879504, 64.0, 361.69999998807907)
[23:00:03] [Server thread/INFO]: Player [T-800] joined.
[23:00:03] [Server thread/INFO]: T-800 joined the game
[23:00:04] [Server thread/WARN]: Can't keep up! Is the server overloaded? Running 2606ms or 52 ticks behind
[23:00:25] [Server thread/WARN]: Can't keep up! Is the server overloaded? Running 5901ms or 118 ticks behind
[23:23:40] [Server thread/INFO]: T-800 has made the advancement [Not Today, Thank You]
