[22:58:39] [main/INFO] ========================================
[22:58:39] [main/INFO] Minecraft: 1.21.8
[22:58:39] [main/INFO] Side: server
[22:58:39] [main/INFO] Development: false
[22:58:39] [main/INFO] Version: 20.0.811
[22:58:39] [main/INFO] Loader:
[22:58:39] [main/INFO] - Fabric: 0.17.2
[22:58:39] [main/INFO] - Fabric API: 0.133.0+1.21.8
[22:58:39] [main/INFO] Dependencies:
[22:58:39] [main/INFO] - Cloth Config: 19.0.147
[22:58:39] [main/INFO] - Architectury: 17.0.8
[22:58:39] [main/INFO] Mixin: 0.8.7
[22:58:39] [main/INFO] OS: Linux 6.8.0-1030-azure (amd64)
[22:58:39] [main/INFO] Java: 21.0.8 (Ubuntu)
[22:58:39] [main/INFO] ========================================
[22:58:39] [main/INFO] Mods:
[22:58:39] [main/INFO] - adorn: 7.1.0+1.21.8
[22:58:39] [main/INFO] - advancednetherite: 2.3.0-1.21.8
[22:58:39] [main/INFO] - appleskin: 3.0.6+mc1.21.6
[22:58:39] [main/INFO] - architectury: 17.0.8
[22:58:39] [main/INFO] - balm: 21.8.5
[22:58:39] [main/INFO] - biomesoplenty: 21.8.0.5
[22:58:39] [main/INFO] - blue_endless_jankson: 1.2.1
[22:58:39] [main/INFO] - carryon: 2.7.0
[22:58:39] [main/INFO] - chococraft: 0.14.1
[22:58:39] [main/INFO] - chunky: 1.4.40
[22:58:39] [main/INFO] - cloth-basic-math: 0.6.1
[22:58:39] [main/INFO] - cloth-config: 19.0.147
[22:58:39] [main/INFO] - cloth-config: 19.0.147
[22:58:39] [main/INFO] - collective: 8.4
[22:58:39] [main/INFO] - colossalchests: 1.8.10
[22:58:39] [main/INFO] - com_electronwill_night-config_core: 3.8.3
[22:58:39] [main/INFO] - com_electronwill_night-config_toml: 3.8.3
[22:58:39] [main/INFO] - common-protection-api: 1.0.0
[22:58:39] [main/INFO] - cookingforblockheads: 21.8.1
[22:58:39] [main/INFO] - ctov: 3.5.10
[22:58:39] [main/INFO] - cyclopscore: 1.25.5
[22:58:39] [main/INFO] - diagonalblocks: 21.8.1
[22:58:39] [main/INFO] - diagonalfences: 21.8.1
[22:58:39] [main/INFO] - diagonalwindows: 21.8.1
[22:58:39] [main/INFO] - distanthorizons: 2.3.4-b
[22:58:39] [main/INFO] - dynamiclights: 1.8.8+bump+mod
[22:58:39] [main/INFO] - easymagic: 21.8.0
[22:58:39] [main/INFO] - emotecraft: 3.0.0-a.build.108
[22:58:39] [main/INFO] - error_notifier: 1.0.11
[22:58:39] [main/INFO] - fabric-api: 0.133.0+1.21.8
[22:58:39] [main/INFO] - fabric-api: 0.133.0+1.21.8
[22:58:39] [main/INFO] - fabric-api-base: 0.5.0+cd8c0daa2c
[22:58:39] [main/INFO] - fabric-api-lookup-api-v1: 1.6.101+946bf4c32c
[22:58:39] [main/INFO] - fabric-biome-api-v1: 16.0.11+946bf4c32c
[22:58:39] [main/INFO] - fabric-block-api-v1: 1.1.3+946bf4c32c
[22:58:39] [main/INFO] - fabric-block-view-api-v2: 1.0.31+946bf4c32c
[22:58:39] [main/INFO] - fabric-command-api-v2: 2.3.1+52fff9ec2c
[22:58:39] [main/INFO] - fabric-content-registries-v0: 10.1.0+c75de69d2c
[22:58:39] [main/INFO] - fabric-convention-tags-v1: 2.1.41+7f945d5b2c
[22:58:39] [main/INFO] - fabric-convention-tags-v2: 2.15.6+eb5df52f2c
[22:58:39] [main/INFO] - fabric-crash-report-info-v1: 0.3.15+946bf4c32c
[22:58:39] [main/INFO] - fabric-data-attachment-api-v1: 1.8.12+38b5f74e2c
[22:58:39] [main/INFO] - fabric-data-generation-api-v1: 23.2.6+0b1ef9762c
[22:58:39] [main/INFO] - fabric-dimensions-v1: 4.0.20+948fc79a2c
[22:58:39] [main/INFO] - fabric-entity-events-v1: 2.1.2+c9e472732c
[22:58:39] [main/INFO] - fabric-events-interaction-v0: 4.0.24+946bf4c32c
[22:58:39] [main/INFO] - fabric-game-rule-api-v1: 1.0.73+c64c9c5b2c
[22:58:39] [main/INFO] - fabric-item-api-v1: 11.5.0+02ce13f42c
[22:58:39] [main/INFO] - fabric-item-group-api-v1: 4.2.14+c5f9bbc12c
[22:58:39] [main/INFO] - fabric-language-kotlin: 1.13.4+kotlin.2.2.0
[22:58:39] [main/INFO] - fabric-lifecycle-events-v1: 2.6.4+db4dfd852c
[22:58:39] [main/INFO] - fabric-loot-api-v2: 3.0.56+3f89f5a52c
[22:58:39] [main/INFO] - fabric-loot-api-v3: 2.0.3+946bf4c32c
[22:58:39] [main/INFO] - fabric-message-api-v1: 6.1.2+946bf4c32c
[22:58:39] [main/INFO] - fabric-networking-api-v1: 5.0.2+946bf4c32c
[22:58:39] [main/INFO] - fabric-object-builder-api-v1: 21.1.8+946bf4c32c
[22:58:39] [main/INFO] - fabric-particles-v1: 4.1.8+946bf4c32c
[22:58:39] [main/INFO] - fabric-permissions-api-v0: 0.3.4-patbox
[22:58:39] [main/INFO] - fabric-recipe-api-v1: 8.1.15+946bf4c32c
[22:58:39] [main/INFO] - fabric-registry-sync-v0: 6.1.28+946bf4c32c
[22:58:39] [main/INFO] - fabric-rendering-fluids-v1: 3.1.31+fa6cb72b2c
[22:58:39] [main/INFO] - fabric-resource-conditions-api-v1: 5.0.25+98e6d6db2c
[22:58:39] [main/INFO] - fabric-resource-loader-v0: 3.1.12+020423442c
[22:58:39] [main/INFO] - fabric-screen-handler-api-v1: 1.3.137+946bf4c32c
[22:58:39] [main/INFO] - fabric-serialization-api-v1: 1.0.0+fc0e5aba2c
[22:58:39] [main/INFO] - fabric-tag-api-v1: 1.2.2+946bf4c32c
[22:58:39] [main/INFO] - fabric-transfer-api-v1: 6.0.6+946bf4c32c
[22:58:39] [main/INFO] - fabric-transitive-access-wideners-v1: 6.5.0+c847ce762c
[22:58:39] [main/INFO] - fabricloader: 0.17.2
[22:58:39] [main/INFO] - fallingtree: 1.21.8.1
[22:58:39] [main/INFO] - forgeconfigapiport: 21.8.1
[22:58:39] [main/INFO] - framework: 0.12.3
[22:58:39] [main/INFO] - fusion: 1.2.10
[22:58:39] [main/INFO] - glitchcore: 21.8.0.0
[22:58:39] [main/INFO] - goblintraders: 1.11.2
[22:58:39] [main/INFO] - hangglider: 21.8.0
[22:58:39] [main/INFO] - jade: 19.3.2+fabric
[22:58:39] [main/INFO] - java: 21
[22:58:39] [main/INFO] - justzoom: 2.1.1
[22:58:39] [main/INFO] - konkrete: 1.9.12
[22:58:39] [main/INFO] - kuma_api: 21.8.2
[22:58:39] [main/INFO] - lithostitched: 1.5.0+beta2
[22:58:39] [main/INFO] - livingthings: 1.21.8-2.3.0
[22:58:39] [main/INFO] - mcwbridges: 3.1.0
[22:58:39] [main/INFO] - mcwdoors: 1.1.2
[22:58:39] [main/INFO] - mcwpaths: 1.1.0
[22:58:39] [main/INFO] - mcwroofs: 2.3.2
[22:58:39] [main/INFO] - mcwstairs: 1.0.1
[22:58:39] [main/INFO] - mcwwindows: 2.4.0
[22:58:39] [main/INFO] - minecraft: 1.21.8
[22:58:39] [main/INFO] - mixinextras: 0.5.0
[22:58:39] [main/INFO] - movingelevators: 1.4.11
[22:58:39] [main/INFO] - mr_true_ending: 1-v1.1.4b
[22:58:39] [main/INFO] - mvs: 4.4.6-1.21.8-fabric
[22:58:39] [main/INFO] - net_jodah_typetools: 0.6.3
[22:58:39] [main/INFO] - net_raphimc_noteblocklib: 3.1.0-SNAPSHOT
[22:58:39] [main/INFO] - onlyhammersandexcavators: 1.21.8-0.1
[22:58:39] [main/INFO] - org_javassist_javassist: 3.30.2-GA
[22:58:39] [main/INFO] - org_jetbrains_kotlin_kotlin-reflect: 2.2.0
[22:58:39] [main/INFO] - org_jetbrains_kotlin_kotlin-stdlib: 2.2.0
[22:58:39] [main/INFO] - org_jetbrains_kotlin_kotlin-stdlib-jdk7: 2.2.0
[22:58:39] [main/INFO] - org_jetbrains_kotlin_kotlin-stdlib-jdk8: 2.2.0
[22:58:39] [main/INFO] - org_jetbrains_kotlinx_atomicfu-jvm: 0.28.0
[22:58:39] [main/INFO] - org_jetbrains_kotlinx_kotlinx-coroutines-core-jvm: 1.10.2
[22:58:39] [main/INFO] - org_jetbrains_kotlinx_kotlinx-coroutines-jdk8: 1.10.2
[22:58:39] [main/INFO] - org_jetbrains_kotlinx_kotlinx-datetime-jvm: 0.6.2
[22:58:39] [main/INFO] - org_jetbrains_kotlinx_kotlinx-io-bytestring-jvm: 0.7.0
[22:58:39] [main/INFO] - org_jetbrains_kotlinx_kotlinx-io-core-jvm: 0.7.0
[22:58:39] [main/INFO] - org_jetbrains_kotlinx_kotlinx-serialization-cbor-jvm: 1.8.1
[22:58:39] [main/INFO] - org_jetbrains_kotlinx_kotlinx-serialization-core-jvm: 1.8.1
[22:58:39] [main/INFO] - org_jetbrains_kotlinx_kotlinx-serialization-json-jvm: 1.8.1
[22:58:39] [main/INFO] - org_reflections_reflections: 0.10.2
[22:58:39] [main/INFO] - packet_tweaker: 0.6.0-pre.1+1.21.2-pre3
[22:58:39] [main/INFO] - placeholder-api: 2.7.0+1.21.6
[22:58:39] [main/INFO] - player_animation_library: 1.0.4+mc1.21.7
[22:58:39] [main/INFO] - polymer-common: 0.13.2+1.21.6
[22:58:39] [main/INFO] - polymer-core: 0.13.2+1.21.6
[22:58:39] [main/INFO] - polymer-networking: 0.13.2+1.21.6
[22:58:39] [main/INFO] - polymer-registry-sync-manipulator: 0.13.2+1.21.6
[22:58:39] [main/INFO] - polymer-resource-pack: 0.13.2+1.21.6
[22:58:39] [main/INFO] - polymer-virtual-entity: 0.13.2+1.21.6
[22:58:39] [main/INFO] - predicate-api: 0.6.0+1.21.2
[22:58:39] [main/INFO] - puzzleslib: 21.8.6
[22:58:39] [main/INFO] - rechiseled: 1.1.6+b
[22:58:39] [main/INFO] - refurbished_furniture: 1.0.18
[22:58:39] [main/INFO] - roughlyenoughitems: 20.0.811
[22:58:39] [main/INFO] - sereneseasons: 21.8.0.0
[22:58:39] [main/INFO] - server_translations_api: 2.5.1+1.21.5
[22:58:39] [main/INFO] - sgui: 1.10.0+1.21.6
[22:58:39] [main/INFO] - sound_physics_remastered: 1.21.8-1.4.15
[22:58:39] [main/INFO] - storagedrawers: 18.0.1
[22:58:39] [main/INFO] - supermartijn642configlib: 1.1.8
[22:58:39] [main/INFO] - supermartijn642corelib: 1.1.18+d
[22:58:39] [main/INFO] - terrablender: 6.0.0.3
[22:58:39] [main/INFO] - terralith: 2.5.11
[22:58:39] [main/INFO] - trashslot: 21.8.1
[22:58:39] [main/INFO] - universal-graves: 3.8.1+1.21.6
[22:58:39] [main/INFO] - visualworkbench: 21.8.1
[22:58:39] [main/INFO] - vtaw_mw: 1.1.0
[22:58:39] [main/INFO] - waystones: 21.8.3
[22:58:39] [main/INFO] - weaponmaster_ydm: 4.4.1
[22:58:39] [main/INFO] - xaerominimap: 25.2.12
[22:58:39] [main/INFO] - xaeroworldmap: 1.39.13
[22:58:39] [main/INFO] ========================================
[22:58:39] [main/INFO] [REI] Registered plugin provider AdornReiServer [adorn] for REICommonPlugin
[22:58:39] [main/INFO] [REI] Registered plugin provider DefaultPlugin [roughlyenoughitems] for REICommonPlugin
[22:58:39] [main/INFO] [REI] Registered plugin provider DefaultRuntimePlugin [roughlyenoughitems] for REICommonPlugin
[22:58:39] [main/INFO] [REI] Registered plugin provider FabricFluidAPISupportPlugin for REICommonPlugin
[22:58:41] [main/DEBUG] [REI] Processed 10 tags in 468.8 μs for minecraft:fluid
[22:58:41] [main/DEBUG] [REI] Processed 3 tags in 41.64 μs for minecraft:point_of_interest_type
[22:58:41] [main/DEBUG] [REI] Processed 5 tags in 178.4 μs for minecraft:game_event
[22:58:41] [main/DEBUG] [REI] Processed 69 tags in 474.4 μs for minecraft:entity_type
[22:58:41] [main/DEBUG] [REI] Processed 800 tags in 8.895 ms for minecraft:item
[22:58:41] [main/DEBUG] [REI] Processed 625 tags in 8.939 ms for minecraft:block
[22:59:03] [Server thread/DEBUG] [REI] Starting Reload Plugins of stage null
java.lang.Throwable
	at knot//me.shedaniel.rei.impl.common.plugins.ReloadManagerImpl.reloadPlugins(ReloadManagerImpl.java:110)
	at knot//me.shedaniel.rei.RoughlyEnoughItemsCore.lambda$onInitialize$5(RoughlyEnoughItemsCore.java:157)
	at knot//dev.architectury.event.fabric.EventHandlerImpl.lambda$registerCommon$10(EventHandlerImpl.java:67)
	at knot//net.fabricmc.fabric.api.event.lifecycle.v1.ServerLifecycleEvents.lambda$static$2(ServerLifecycleEvents.java:49)
	at knot//net.minecraft.server.MinecraftServer.handler$zmi000$fabric-lifecycle-events-v1$afterSetupServer(MinecraftServer.java:4202)
	at knot//net.minecraft.server.MinecraftServer.method_29741(MinecraftServer.java:676)
	at knot//net.minecraft.server.MinecraftServer.method_29739(MinecraftServer.java:291)
	at java.base/java.lang.Thread.run(Thread.java:1583)
[22:59:03] [Server thread/DEBUG] [REI] ========================================
[22:59:03] [Server thread/DEBUG] [REI] REICommonPlugin starting pre-reload for START.
[22:59:03] [Server thread/DEBUG] [REI] Reloadables (8):
[22:59:03] [Server thread/DEBUG] [REI]  - SlotAccessorRegistryImpl
[22:59:03] [Server thread/DEBUG] [REI]  - EntryTypeRegistryImpl
[22:59:03] [Server thread/DEBUG] [REI]  - EntrySettingsAdapterRegistryImpl
[22:59:03] [Server thread/DEBUG] [REI]  - ItemComparatorRegistryImpl
[22:59:03] [Server thread/DEBUG] [REI]  - FluidComparatorRegistryImpl
[22:59:03] [Server thread/DEBUG] [REI]  - DisplaySerializerRegistryImpl
[22:59:03] [Server thread/DEBUG] [REI]  - ServerDisplayRegistryImpl
[22:59:03] [Server thread/DEBUG] [REI]  - FluidSupportProviderImpl
[22:59:03] [Server thread/DEBUG] [REI] Plugins (4):
[22:59:03] [Server thread/DEBUG] [REI]  - (-100.00) DefaultPlugin of DefaultPlugin [roughlyenoughitems]
[22:59:03] [Server thread/DEBUG] [REI]  - (0.00) FabricFluidAPISupportPlugin
[22:59:03] [Server thread/DEBUG] [REI]  - (0.00) DefaultRuntimePlugin of DefaultRuntimePlugin [roughlyenoughitems]
[22:59:03] [Server thread/DEBUG] [REI]  - (0.00) AdornReiServer of AdornReiServer [adorn]
[22:59:03] [Server thread/DEBUG] [REI] ========================================
[22:59:03] [Server thread/TRACE] [REI] [REICommonPlugin START] Reloading Section: "pre-register/"
[22:59:03] [Server thread/TRACE] [REI] [REICommonPlugin START] Reloading Section: "pre-register/DefaultPlugin of DefaultPlugin [roughlyenoughitems]/"
[22:59:03] [Server thread/TRACE] [REI] [REICommonPlugin START] Reloading Section: "pre-register/DefaultPlugin of DefaultPlugin [roughlyenoughitems]/" done in 988.7 μs
[22:59:03] [Server thread/TRACE] [REI] [REICommonPlugin START] Reloading Section: "pre-register/FabricFluidAPISupportPlugin/"
[22:59:03] [Server thread/TRACE] [REI] [REICommonPlugin START] Reloading Section: "pre-register/FabricFluidAPISupportPlugin/" done in 138.0 μs
[22:59:03] [Server thread/TRACE] [REI] [REICommonPlugin START] Reloading Section: "pre-register/DefaultRuntimePlugin of DefaultRuntimePlugin [roughlyenoughitems]/"
[22:59:03] [Server thread/TRACE] [REI] [REICommonPlugin START] Reloading Section: "pre-register/DefaultRuntimePlugin of DefaultRuntimePlugin [roughlyenoughitems]/" done in 126.6 μs
[22:59:03] [Server thread/TRACE] [REI] [REICommonPlugin START] Reloading Section: "pre-register/AdornReiServer of AdornReiServer [adorn]/"
[22:59:03] [Server thread/TRACE] [REI] [REICommonPlugin START] Reloading Section: "pre-register/AdornReiServer of AdornReiServer [adorn]/" done in 180.6 μs
[22:59:03] [Server thread/TRACE] [REI] [REICommonPlugin START] Reloading Section: "pre-register/" done in 11.55 ms
[22:59:03] [Server thread/TRACE] [REI] [REICommonPlugin START] Reloading Section: "pre-stage/"
[22:59:03] [Server thread/TRACE] [REI] [REICommonPlugin START] Reloading Section: "pre-stage/SlotAccessorRegistryImpl/"
[22:59:03] [Server thread/TRACE] [REI] [REICommonPlugin START] Reloading Section: "pre-stage/SlotAccessorRegistryImpl/" done in 207.2 μs
[22:59:03] [Server thread/TRACE] [REI] [REICommonPlugin START] Reloading Section: "pre-stage/EntryTypeRegistryImpl/"
[22:59:03] [Server thread/TRACE] [REI] [REICommonPlugin START] Reloading Section: "pre-stage/EntryTypeRegistryImpl/" done in 59.92 μs
[22:59:03] [Server thread/TRACE] [REI] [REICommonPlugin START] Reloading Section: "pre-stage/EntrySettingsAdapterRegistryImpl/"
[22:59:03] [Server thread/TRACE] [REI] [REICommonPlugin START] Reloading Section: "pre-stage/EntrySettingsAdapterRegistryImpl/" done in 145.6 μs
[22:59:03] [Server thread/TRACE] [REI] [REICommonPlugin START] Reloading Section: "pre-stage/ItemComparatorRegistryImpl/"
[22:59:03] [Server thread/TRACE] [REI] [REICommonPlugin START] Reloading Section: "pre-stage/ItemComparatorRegistryImpl/" done in 127.4 μs
[22:59:03] [Server thread/TRACE] [REI] [REICommonPlugin START] Reloading Section: "pre-stage/FluidComparatorRegistryImpl/"
[22:59:03] [Server thread/TRACE] [REI] [REICommonPlugin START] Reloading Section: "pre-stage/FluidComparatorRegistryImpl/" done in 129.4 μs
[22:59:03] [Server thread/TRACE] [REI] [REICommonPlugin START] Reloading Section: "pre-stage/DisplaySerializerRegistryImpl/"
[22:59:03] [Server thread/TRACE] [REI] [REICommonPlugin START] Reloading Section: "pre-stage/DisplaySerializerRegistryImpl/" done in 128.9 μs
[22:59:03] [Server thread/TRACE] [REI] [REICommonPlugin START] Reloading Section: "pre-stage/ServerDisplayRegistryImpl/"
[22:59:03] [Server thread/TRACE] [REI] [REICommonPlugin START] Reloading Section: "pre-stage/ServerDisplayRegistryImpl/" done in 135.7 μs
[22:59:03] [Server thread/TRACE] [REI] [REICommonPlugin START] Reloading Section: "pre-stage/FluidSupportProviderImpl/"
[22:59:03] [Server thread/TRACE] [REI] [REICommonPlugin START] Reloading Section: "pre-stage/FluidSupportProviderImpl/" done in 131.7 μs
[22:59:03] [Server thread/TRACE] [REI] [REICommonPlugin START] Reloading Section: "pre-stage/" done in 3.019 ms
[22:59:03] [Server thread/DEBUG] [REI] ========================================
[22:59:03] [Server thread/DEBUG] [REI] REICommonPlugin finished pre-reload for START in 15.12 ms.
[22:59:03] [Server thread/DEBUG] [REI] ========================================
[22:59:03] [Server thread/INFO] [REI] @@@@@@@@@@@@@@@@@@@@@@@@@@@@@@@@@@@@@@@@
[22:59:03] [Server thread/INFO] [REI] REICommonPlugin starting main-reload for START.
[22:59:03] [Server thread/DEBUG] [REI] Reloadables (8):
[22:59:03] [Server thread/DEBUG] [REI]  - SlotAccessorRegistryImpl
[22:59:03] [Server thread/DEBUG] [REI]  - EntryTypeRegistryImpl
[22:59:03] [Server thread/DEBUG] [REI]  - EntrySettingsAdapterRegistryImpl
[22:59:03] [Server thread/DEBUG] [REI]  - ItemComparatorRegistryImpl
[22:59:03] [Server thread/DEBUG] [REI]  - FluidComparatorRegistryImpl
[22:59:03] [Server thread/DEBUG] [REI]  - DisplaySerializerRegistryImpl
[22:59:03] [Server thread/DEBUG] [REI]  - ServerDisplayRegistryImpl
[22:59:03] [Server thread/DEBUG] [REI]  - FluidSupportProviderImpl
[22:59:03] [Server thread/INFO] [REI] Plugins (4):
[22:59:03] [Server thread/INFO] [REI]  - (-100.00) DefaultPlugin of DefaultPlugin [roughlyenoughitems]
[22:59:03] [Server thread/INFO] [REI]  - (0.00) FabricFluidAPISupportPlugin
[22:59:03] [Server thread/INFO] [REI]  - (0.00) DefaultRuntimePlugin of DefaultRuntimePlugin [roughlyenoughitems]
[22:59:03] [Server thread/INFO] [REI]  - (0.00) AdornReiServer of AdornReiServer [adorn]
[22:59:03] [Server thread/INFO] [REI] @@@@@@@@@@@@@@@@@@@@@@@@@@@@@@@@@@@@@@@@
[22:59:03] [Server thread/TRACE] [REI] [REICommonPlugin START] Reloading Section: "start-reload/"
[22:59:03] [Server thread/TRACE] [REI] [REICommonPlugin START] Reloading Section: "start-reload/SlotAccessorRegistryImpl/"
[22:59:03] [Server thread/TRACE] [REI] [REICommonPlugin START] Reloading Section: "start-reload/SlotAccessorRegistryImpl/" done in 105.7 μs
[22:59:03] [Server thread/TRACE] [REI] [REICommonPlugin START] Reloading Section: "start-reload/EntryTypeRegistryImpl/"
[22:59:03] [Server thread/TRACE] [REI] [REICommonPlugin START] Reloading Section: "start-reload/EntryTypeRegistryImpl/" done in 88.22 μs
[22:59:03] [Server thread/TRACE] [REI] [REICommonPlugin START] Reloading Section: "start-reload/EntrySettingsAdapterRegistryImpl/"
[22:59:03] [Server thread/TRACE] [REI] [REICommonPlugin START] Reloading Section: "start-reload/EntrySettingsAdapterRegistryImpl/" done in 48.57 μs
[22:59:03] [Server thread/TRACE] [REI] [REICommonPlugin START] Reloading Section: "start-reload/ItemComparatorRegistryImpl/"
[22:59:03] [Server thread/TRACE] [REI] [REICommonPlugin START] Reloading Section: "start-reload/ItemComparatorRegistryImpl/" done in 67.12 μs
[22:59:03] [Server thread/TRACE] [REI] [REICommonPlugin START] Reloading Section: "start-reload/FluidComparatorRegistryImpl/"
[22:59:03] [Server thread/TRACE] [REI] [REICommonPlugin START] Reloading Section: "start-reload/FluidComparatorRegistryImpl/" done in 51.51 μs
[22:59:03] [Server thread/TRACE] [REI] [REICommonPlugin START] Reloading Section: "start-reload/DisplaySerializerRegistryImpl/"
[22:59:03] [Server thread/TRACE] [REI] [REICommonPlugin START] Reloading Section: "start-reload/DisplaySerializerRegistryImpl/" done in 53.48 μs
[22:59:03] [Server thread/TRACE] [REI] [REICommonPlugin START] Reloading Section: "start-reload/ServerDisplayRegistryImpl/"
[22:59:03] [Server thread/TRACE] [REI] [REICommonPlugin START] Reloading Section: "start-reload/ServerDisplayRegistryImpl/" done in 2.556 ms
[22:59:03] [Server thread/TRACE] [REI] [REICommonPlugin START] Reloading Section: "start-reload/FluidSupportProviderImpl/"
[22:59:03] [Server thread/TRACE] [REI] [REICommonPlugin START] Reloading Section: "start-reload/FluidSupportProviderImpl/" done in 133.6 μs
[22:59:03] [Server thread/TRACE] [REI] [REICommonPlugin START] Reloading Section: "start-reload/" done in 4.279 ms
[22:59:03] [Server thread/DEBUG] [REI] ========================================
[22:59:03] [Server thread/DEBUG] [REI] REICommonPlugin started main-reload for START.
[22:59:03] [Server thread/DEBUG] [REI] ========================================
[22:59:03] [Server thread/TRACE] [REI] [REICommonPlugin START] Reloading Section: "reloadable-plugin/SlotAccessorRegistryImpl/"
[22:59:03] [Server thread/TRACE] [REI] [REICommonPlugin START] Reloading Section: "reloadable-plugin/SlotAccessorRegistryImpl/DefaultPlugin of DefaultPlugin [roughlyenoughitems]/"
[22:59:03] [Server thread/TRACE] [REI] [REICommonPlugin START] Reloading Section: "reloadable-plugin/SlotAccessorRegistryImpl/DefaultPlugin of DefaultPlugin [roughlyenoughitems]/" done in 348.5 μs
[22:59:03] [Server thread/TRACE] [REI] [REICommonPlugin START] Reloading Section: "reloadable-plugin/SlotAccessorRegistryImpl/FabricFluidAPISupportPlugin/"
[22:59:03] [Server thread/TRACE] [REI] [REICommonPlugin START] Reloading Section: "reloadable-plugin/SlotAccessorRegistryImpl/FabricFluidAPISupportPlugin/" done in 57.86 μs
[22:59:03] [Server thread/TRACE] [REI] [REICommonPlugin START] Reloading Section: "reloadable-plugin/SlotAccessorRegistryImpl/DefaultRuntimePlugin of DefaultRuntimePlugin [roughlyenoughitems]/"
[22:59:03] [Server thread/TRACE] [REI] [REICommonPlugin START] Reloading Section: "reloadable-plugin/SlotAccessorRegistryImpl/DefaultRuntimePlugin of DefaultRuntimePlugin [roughlyenoughitems]/" done in 52.72 μs
[22:59:03] [Server thread/TRACE] [REI] [REICommonPlugin START] Reloading Section: "reloadable-plugin/SlotAccessorRegistryImpl/AdornReiServer of AdornReiServer [adorn]/"
[22:59:03] [Server thread/TRACE] [REI] [REICommonPlugin START] Reloading Section: "reloadable-plugin/SlotAccessorRegistryImpl/AdornReiServer of AdornReiServer [adorn]/" done in 65.71 μs
[22:59:03] [Server thread/TRACE] [REI] [REICommonPlugin START] Reloading Section: "reloadable-plugin/SlotAccessorRegistryImpl/" done in 3.308 ms
[22:59:03] [Server thread/TRACE] [REI] [REICommonPlugin START] Reloading Section: "reloadable-plugin/EntryTypeRegistryImpl/"
[22:59:03] [Server thread/TRACE] [REI] [REICommonPlugin START] Reloading Section: "reloadable-plugin/EntryTypeRegistryImpl/DefaultPlugin of DefaultPlugin [roughlyenoughitems]/"
[22:59:03] [Server thread/TRACE] [REI] [REICommonPlugin START] Reloading Section: "reloadable-plugin/EntryTypeRegistryImpl/DefaultPlugin of DefaultPlugin [roughlyenoughitems]/" done in 65.24 μs
[22:59:03] [Server thread/TRACE] [REI] [REICommonPlugin START] Reloading Section: "reloadable-plugin/EntryTypeRegistryImpl/FabricFluidAPISupportPlugin/"
[22:59:03] [Server thread/TRACE] [REI] [REICommonPlugin START] Reloading Section: "reloadable-plugin/EntryTypeRegistryImpl/FabricFluidAPISupportPlugin/" done in 50.49 μs
[22:59:03] [Server thread/TRACE] [REI] [REICommonPlugin START] Reloading Section: "reloadable-plugin/EntryTypeRegistryImpl/DefaultRuntimePlugin of DefaultRuntimePlugin [roughlyenoughitems]/"
[22:59:03] [Server thread/TRACE] [REI] [REICommonPlugin START] Reloading Section: "reloadable-plugin/EntryTypeRegistryImpl/DefaultRuntimePlugin of DefaultRuntimePlugin [roughlyenoughitems]/" done in 12.19 ms
[22:59:03] [Server thread/TRACE] [REI] [REICommonPlugin START] Reloading Section: "reloadable-plugin/EntryTypeRegistryImpl/AdornReiServer of AdornReiServer [adorn]/"
[22:59:03] [Server thread/TRACE] [REI] [REICommonPlugin START] Reloading Section: "reloadable-plugin/EntryTypeRegistryImpl/AdornReiServer of AdornReiServer [adorn]/" done in 88.93 μs
[22:59:03] [Server thread/TRACE] [REI] [REICommonPlugin START] Reloading Section: "reloadable-plugin/EntryTypeRegistryImpl/" done in 14.94 ms
[22:59:03] [Server thread/TRACE] [REI] [REICommonPlugin START] Reloading Section: "reloadable-plugin/EntrySettingsAdapterRegistryImpl/"
[22:59:03] [Server thread/TRACE] [REI] [REICommonPlugin START] Reloading Section: "reloadable-plugin/EntrySettingsAdapterRegistryImpl/DefaultPlugin of DefaultPlugin [roughlyenoughitems]/"
[22:59:03] [Server thread/TRACE] [REI] [REICommonPlugin START] Reloading Section: "reloadable-plugin/EntrySettingsAdapterRegistryImpl/DefaultPlugin of DefaultPlugin [roughlyenoughitems]/" done in 48.20 μs
[22:59:03] [Server thread/TRACE] [REI] [REICommonPlugin START] Reloading Section: "reloadable-plugin/EntrySettingsAdapterRegistryImpl/FabricFluidAPISupportPlugin/"
[22:59:03] [Server thread/TRACE] [REI] [REICommonPlugin START] Reloading Section: "reloadable-plugin/EntrySettingsAdapterRegistryImpl/FabricFluidAPISupportPlugin/" done in 50.01 μs
[22:59:03] [Server thread/TRACE] [REI] [REICommonPlugin START] Reloading Section: "reloadable-plugin/EntrySettingsAdapterRegistryImpl/DefaultRuntimePlugin of DefaultRuntimePlugin [roughlyenoughitems]/"
[22:59:03] [Server thread/TRACE] [REI] [REICommonPlugin START] Reloading Section: "reloadable-plugin/EntrySettingsAdapterRegistryImpl/DefaultRuntimePlugin of DefaultRuntimePlugin [roughlyenoughitems]/" done in 49.00 μs
[22:59:03] [Server thread/TRACE] [REI] [REICommonPlugin START] Reloading Section: "reloadable-plugin/EntrySettingsAdapterRegistryImpl/AdornReiServer of AdornReiServer [adorn]/"
[22:59:03] [Server thread/TRACE] [REI] [REICommonPlugin START] Reloading Section: "reloadable-plugin/EntrySettingsAdapterRegistryImpl/AdornReiServer of AdornReiServer [adorn]/" done in 51.84 μs
[22:59:03] [Server thread/TRACE] [REI] [REICommonPlugin START] Reloading Section: "reloadable-plugin/EntrySettingsAdapterRegistryImpl/" done in 635.5 μs
[22:59:03] [Server thread/TRACE] [REI] [REICommonPlugin START] Reloading Section: "reloadable-plugin/ItemComparatorRegistryImpl/"
[22:59:03] [Server thread/TRACE] [REI] [REICommonPlugin START] Reloading Section: "reloadable-plugin/ItemComparatorRegistryImpl/DefaultPlugin of DefaultPlugin [roughlyenoughitems]/"
[22:59:03] [Server thread/TRACE] [REI] [REICommonPlugin START] Reloading Section: "reloadable-plugin/ItemComparatorRegistryImpl/DefaultPlugin of DefaultPlugin [roughlyenoughitems]/" done in 680.6 μs
[22:59:03] [Server thread/TRACE] [REI] [REICommonPlugin START] Reloading Section: "reloadable-plugin/ItemComparatorRegistryImpl/FabricFluidAPISupportPlugin/"
[22:59:03] [Server thread/TRACE] [REI] [REICommonPlugin START] Reloading Section: "reloadable-plugin/ItemComparatorRegistryImpl/FabricFluidAPISupportPlugin/" done in 2.086 ms
[22:59:03] [Server thread/TRACE] [REI] [REICommonPlugin START] Reloading Section: "reloadable-plugin/ItemComparatorRegistryImpl/DefaultRuntimePlugin of DefaultRuntimePlugin [roughlyenoughitems]/"
[22:59:03] [Server thread/TRACE] [REI] [REICommonPlugin START] Reloading Section: "reloadable-plugin/ItemComparatorRegistryImpl/DefaultRuntimePlugin of DefaultRuntimePlugin [roughlyenoughitems]/" done in 57.37 μs
[22:59:03] [Server thread/TRACE] [REI] [REICommonPlugin START] Reloading Section: "reloadable-plugin/ItemComparatorRegistryImpl/AdornReiServer of AdornReiServer [adorn]/"
[22:59:03] [Server thread/TRACE] [REI] [REICommonPlugin START] Reloading Section: "reloadable-plugin/ItemComparatorRegistryImpl/AdornReiServer of AdornReiServer [adorn]/" done in 68.20 μs
[22:59:03] [Server thread/TRACE] [REI] [REICommonPlugin START] Reloading Section: "reloadable-plugin/ItemComparatorRegistryImpl/" done in 3.419 ms
[22:59:03] [Server thread/TRACE] [REI] [REICommonPlugin START] Reloading Section: "reloadable-plugin/FluidComparatorRegistryImpl/"
[22:59:03] [Server thread/TRACE] [REI] [REICommonPlugin START] Reloading Section: "reloadable-plugin/FluidComparatorRegistryImpl/DefaultPlugin of DefaultPlugin [roughlyenoughitems]/"
[22:59:03] [Server thread/TRACE] [REI] [REICommonPlugin START] Reloading Section: "reloadable-plugin/FluidComparatorRegistryImpl/DefaultPlugin of DefaultPlugin [roughlyenoughitems]/" done in 53.53 μs
[22:59:03] [Server thread/TRACE] [REI] [REICommonPlugin START] Reloading Section: "reloadable-plugin/FluidComparatorRegistryImpl/FabricFluidAPISupportPlugin/"
[22:59:03] [Server thread/TRACE] [REI] [REICommonPlugin START] Reloading Section: "reloadable-plugin/FluidComparatorRegistryImpl/FabricFluidAPISupportPlugin/" done in 36.96 μs
[22:59:03] [Server thread/TRACE] [REI] [REICommonPlugin START] Reloading Section: "reloadable-plugin/FluidComparatorRegistryImpl/DefaultRuntimePlugin of DefaultRuntimePlugin [roughlyenoughitems]/"
[22:59:03] [Server thread/TRACE] [REI] [REICommonPlugin START] Reloading Section: "reloadable-plugin/FluidComparatorRegistryImpl/DefaultRuntimePlugin of DefaultRuntimePlugin [roughlyenoughitems]/" done in 61.82 μs
[22:59:03] [Server thread/TRACE] [REI] [REICommonPlugin START] Reloading Section: "reloadable-plugin/FluidComparatorRegistryImpl/AdornReiServer of AdornReiServer [adorn]/"
[22:59:03] [Server thread/TRACE] [REI] [REICommonPlugin START] Reloading Section: "reloadable-plugin/FluidComparatorRegistryImpl/AdornReiServer of AdornReiServer [adorn]/" done in 61.00 μs
[22:59:03] [Server thread/TRACE] [REI] [REICommonPlugin START] Reloading Section: "reloadable-plugin/FluidComparatorRegistryImpl/" done in 694.8 μs
[22:59:03] [Server thread/TRACE] [REI] [REICommonPlugin START] Reloading Section: "reloadable-plugin/DisplaySerializerRegistryImpl/"
[22:59:03] [Server thread/TRACE] [REI] [REICommonPlugin START] Reloading Section: "reloadable-plugin/DisplaySerializerRegistryImpl/DefaultPlugin of DefaultPlugin [roughlyenoughitems]/"
[22:59:03] [Server thread/DEBUG] [REI] Added display serializer [minecraft:client/crafting/shaped] me.shedaniel.rei.api.common.display.DisplaySerializer$1@71de86b9
[22:59:03] [Server thread/DEBUG] [REI] Added display serializer [minecraft:client/crafting/shapeless] me.shedaniel.rei.api.common.display.DisplaySerializer$1@29c6cdee
[22:59:03] [Server thread/DEBUG] [REI] Added display serializer [minecraft:client/smelting] me.shedaniel.rei.api.common.display.DisplaySerializer$1@16c70372
[22:59:03] [Server thread/DEBUG] [REI] Added display serializer [minecraft:client/smoking] me.shedaniel.rei.api.common.display.DisplaySerializer$1@5564ec7a
[22:59:03] [Server thread/DEBUG] [REI] Added display serializer [minecraft:client/blasting] me.shedaniel.rei.api.common.display.DisplaySerializer$1@63947c40
[22:59:03] [Server thread/DEBUG] [REI] Added display serializer [minecraft:default/crafting/shaped] me.shedaniel.rei.api.common.display.DisplaySerializer$1@7d82353d
[22:59:03] [Server thread/DEBUG] [REI] Added display serializer [minecraft:default/crafting/shapeless] me.shedaniel.rei.api.common.display.DisplaySerializer$1@7e1ab2a6
[22:59:03] [Server thread/DEBUG] [REI] Added display serializer [minecraft:default/crafting/custom] me.shedaniel.rei.api.common.display.DisplaySerializer$1@4bfc9318
[22:59:03] [Server thread/DEBUG] [REI] Added display serializer [minecraft:default/crafting/custom_shaped] me.shedaniel.rei.api.common.display.DisplaySerializer$1@5b8547e3
[22:59:03] [Server thread/DEBUG] [REI] Added display serializer [minecraft:default/crafting/custom_shapeless] me.shedaniel.rei.api.common.display.DisplaySerializer$1@3640d7e6
[22:59:03] [Server thread/DEBUG] [REI] Added display serializer [minecraft:extension/crafting/map_extending] me.shedaniel.rei.api.common.display.DisplaySerializer$1@3328f006
[22:59:03] [Server thread/DEBUG] [REI] Added display serializer [minecraft:default/smelting] me.shedaniel.rei.api.common.display.DisplaySerializer$1@1129e462
[22:59:03] [Server thread/DEBUG] [REI] Added display serializer [minecraft:default/smoking] me.shedaniel.rei.api.common.display.DisplaySerializer$1@23c268a8
[22:59:03] [Server thread/DEBUG] [REI] Added display serializer [minecraft:default/blasting] me.shedaniel.rei.api.common.display.DisplaySerializer$1@ac98dce
[22:59:03] [Server thread/DEBUG] [REI] Added display serializer [minecraft:default/campfire] me.shedaniel.rei.api.common.display.DisplaySerializer$1@393b2688
[22:59:03] [Server thread/DEBUG] [REI] Added display serializer [minecraft:default/stone_cutting] me.shedaniel.rei.api.common.display.DisplaySerializer$1@3973c0b6
[22:59:03] [Server thread/DEBUG] [REI] Added display serializer [minecraft:default/stripping] me.shedaniel.rei.api.common.display.DisplaySerializer$1@6238732
[22:59:03] [Server thread/DEBUG] [REI] Added display serializer [minecraft:default/brewing] me.shedaniel.rei.api.common.display.DisplaySerializer$1@45d04706
[22:59:03] [Server thread/DEBUG] [REI] Added display serializer [minecraft:default/composting] me.shedaniel.rei.api.common.display.DisplaySerializer$1@4b3560f8
[22:59:03] [Server thread/DEBUG] [REI] Added display serializer [minecraft:default/fuel] me.shedaniel.rei.api.common.display.DisplaySerializer$1@13e3c6f1
[22:59:03] [Server thread/DEBUG] [REI] Added display serializer [minecraft:default/smithing] me.shedaniel.rei.api.common.display.DisplaySerializer$1@41dcdd1d
[22:59:03] [Server thread/DEBUG] [REI] Added display serializer [minecraft:default/smithing/trimming] me.shedaniel.rei.api.common.display.DisplaySerializer$1@2c6343d9
[22:59:03] [Server thread/DEBUG] [REI] Added display serializer [minecraft:default/anvil] me.shedaniel.rei.api.common.display.DisplaySerializer$1@2e725630
[22:59:03] [Server thread/DEBUG] [REI] Added display serializer [minecraft:default/beacon_base] me.shedaniel.rei.api.common.display.DisplaySerializer$1@3067067a
[22:59:03] [Server thread/DEBUG] [REI] Added display serializer [minecraft:default/beacon_payment] me.shedaniel.rei.api.common.display.DisplaySerializer$1@287d5174
[22:59:03] [Server thread/DEBUG] [REI] Added display serializer [minecraft:default/tilling] me.shedaniel.rei.api.common.display.DisplaySerializer$1@1f6be215
[22:59:03] [Server thread/DEBUG] [REI] Added display serializer [minecraft:default/pathing] me.shedaniel.rei.api.common.display.DisplaySerializer$1@34bbd0f5
[22:59:03] [Server thread/DEBUG] [REI] Added display serializer [minecraft:default/waxing] me.shedaniel.rei.api.common.display.DisplaySerializer$1@17fb2fe3
[22:59:03] [Server thread/DEBUG] [REI] Added display serializer [minecraft:default/waxing_scraping] me.shedaniel.rei.api.common.display.DisplaySerializer$1@7735c13b
[22:59:03] [Server thread/DEBUG] [REI] Added display serializer [minecraft:default/oxidizing] me.shedaniel.rei.api.common.display.DisplaySerializer$1@6ae9abc1
[22:59:03] [Server thread/DEBUG] [REI] Added display serializer [minecraft:default/oxidizing_scraping] me.shedaniel.rei.api.common.display.DisplaySerializer$1@30213dc6
[22:59:03] [Server thread/DEBUG] [REI] Added display serializer [roughlyenoughitems:default/information] me.shedaniel.rei.api.common.display.DisplaySerializer$1@17aaeddf
[22:59:03] [Server thread/TRACE] [REI] [REICommonPlugin START] Reloading Section: "reloadable-plugin/DisplaySerializerRegistryImpl/DefaultPlugin of DefaultPlugin [roughlyenoughitems]/" done in 119.6 ms
[22:59:03] [Server thread/TRACE] [REI] [REICommonPlugin START] Reloading Section: "reloadable-plugin/DisplaySerializerRegistryImpl/FabricFluidAPISupportPlugin/"
[22:59:03] [Server thread/TRACE] [REI] [REICommonPlugin START] Reloading Section: "reloadable-plugin/DisplaySerializerRegistryImpl/FabricFluidAPISupportPlugin/" done in 51.12 μs
[22:59:03] [Server thread/TRACE] [REI] [REICommonPlugin START] Reloading Section: "reloadable-plugin/DisplaySerializerRegistryImpl/DefaultRuntimePlugin of DefaultRuntimePlugin [roughlyenoughitems]/"
[22:59:03] [Server thread/TRACE] [REI] [REICommonPlugin START] Reloading Section: "reloadable-plugin/DisplaySerializerRegistryImpl/DefaultRuntimePlugin of DefaultRuntimePlugin [roughlyenoughitems]/" done in 36.50 μs
[22:59:03] [Server thread/TRACE] [REI] [REICommonPlugin START] Reloading Section: "reloadable-plugin/DisplaySerializerRegistryImpl/AdornReiServer of AdornReiServer [adorn]/"
[22:59:03] [Server thread/DEBUG] [REI] Added display serializer [adorn:brewer] me.shedaniel.rei.api.common.display.DisplaySerializer$1@6f51a788
[22:59:03] [Server thread/TRACE] [REI] [REICommonPlugin START] Reloading Section: "reloadable-plugin/DisplaySerializerRegistryImpl/AdornReiServer of AdornReiServer [adorn]/" done in 4.655 ms
[22:59:03] [Server thread/TRACE] [REI] [REICommonPlugin START] Reloading Section: "reloadable-plugin/DisplaySerializerRegistryImpl/" done in 124.8 ms
[22:59:03] [Server thread/TRACE] [REI] [REICommonPlugin START] Reloading Section: "reloadable-plugin/ServerDisplayRegistryImpl/"
[22:59:03] [Server thread/TRACE] [REI] [REICommonPlugin START] Reloading Section: "reloadable-plugin/ServerDisplayRegistryImpl/DefaultPlugin of DefaultPlugin [roughlyenoughitems]/"
[22:59:03] [Server thread/TRACE] [REI] [REICommonPlugin START] Reloading Section: "reloadable-plugin/ServerDisplayRegistryImpl/DefaultPlugin of DefaultPlugin [roughlyenoughitems]/" done in 61.79 μs
[22:59:03] [Server thread/TRACE] [REI] [REICommonPlugin START] Reloading Section: "reloadable-plugin/ServerDisplayRegistryImpl/FabricFluidAPISupportPlugin/"
[22:59:03] [Server thread/TRACE] [REI] [REICommonPlugin START] Reloading Section: "reloadable-plugin/ServerDisplayRegistryImpl/FabricFluidAPISupportPlugin/" done in 51.90 μs
[22:59:03] [Server thread/TRACE] [REI] [REICommonPlugin START] Reloading Section: "reloadable-plugin/ServerDisplayRegistryImpl/DefaultRuntimePlugin of DefaultRuntimePlugin [roughlyenoughitems]/"
[22:59:03] [Server thread/TRACE] [REI] [REICommonPlugin START] Reloading Section: "reloadable-plugin/ServerDisplayRegistryImpl/DefaultRuntimePlugin of DefaultRuntimePlugin [roughlyenoughitems]/" done in 71.04 μs
[22:59:03] [Server thread/TRACE] [REI] [REICommonPlugin START] Reloading Section: "reloadable-plugin/ServerDisplayRegistryImpl/AdornReiServer of AdornReiServer [adorn]/"
[22:59:03] [Server thread/TRACE] [REI] [REICommonPlugin START] Reloading Section: "reloadable-plugin/ServerDisplayRegistryImpl/AdornReiServer of AdornReiServer [adorn]/" done in 55.37 μs
[22:59:03] [Server thread/TRACE] [REI] [REICommonPlugin START] Reloading Section: "reloadable-plugin/ServerDisplayRegistryImpl/" done in 2.862 ms
[22:59:03] [Server thread/TRACE] [REI] [REICommonPlugin START] Reloading Section: "reloadable-plugin/FluidSupportProviderImpl/"
[22:59:03] [Server thread/TRACE] [REI] [REICommonPlugin START] Reloading Section: "reloadable-plugin/FluidSupportProviderImpl/DefaultPlugin of DefaultPlugin [roughlyenoughitems]/"
[22:59:03] [Server thread/TRACE] [REI] [REICommonPlugin START] Reloading Section: "reloadable-plugin/FluidSupportProviderImpl/DefaultPlugin of DefaultPlugin [roughlyenoughitems]/" done in 481.6 μs
[22:59:03] [Server thread/TRACE] [REI] [REICommonPlugin START] Reloading Section: "reloadable-plugin/FluidSupportProviderImpl/FabricFluidAPISupportPlugin/"
[22:59:03] [Server thread/TRACE] [REI] [REICommonPlugin START] Reloading Section: "reloadable-plugin/FluidSupportProviderImpl/FabricFluidAPISupportPlugin/" done in 230.2 μs
[22:59:03] [Server thread/TRACE] [REI] [REICommonPlugin START] Reloading Section: "reloadable-plugin/FluidSupportProviderImpl/DefaultRuntimePlugin of DefaultRuntimePlugin [roughlyenoughitems]/"
[22:59:03] [Server thread/TRACE] [REI] [REICommonPlugin START] Reloading Section: "reloadable-plugin/FluidSupportProviderImpl/DefaultRuntimePlugin of DefaultRuntimePlugin [roughlyenoughitems]/" done in 68.73 μs
[22:59:03] [Server thread/TRACE] [REI] [REICommonPlugin START] Reloading Section: "reloadable-plugin/FluidSupportProviderImpl/AdornReiServer of AdornReiServer [adorn]/"
[22:59:03] [Server thread/TRACE] [REI] [REICommonPlugin START] Reloading Section: "reloadable-plugin/FluidSupportProviderImpl/AdornReiServer of AdornReiServer [adorn]/" done in 57.78 μs
[22:59:03] [Server thread/TRACE] [REI] [REICommonPlugin START] Reloading Section: "reloadable-plugin/FluidSupportProviderImpl/" done in 1.324 ms
[22:59:03] [Server thread/DEBUG] [REI] ========================================
[22:59:03] [Server thread/DEBUG] [REI] REICommonPlugin ending main-reload for START.
[22:59:03] [Server thread/DEBUG] [REI] ========================================
[22:59:03] [Server thread/TRACE] [REI] [REICommonPlugin START] Reloading Section: "end-reload/"
[22:59:03] [Server thread/TRACE] [REI] [REICommonPlugin START] Reloading Section: "end-reload/SlotAccessorRegistryImpl/"
[22:59:03] [Server thread/TRACE] [REI] [REICommonPlugin START] Reloading Section: "end-reload/SlotAccessorRegistryImpl/" done in 58.74 μs
[22:59:03] [Server thread/TRACE] [REI] [REICommonPlugin START] Reloading Section: "end-reload/EntryTypeRegistryImpl/"
[22:59:03] [Server thread/TRACE] [REI] [REICommonPlugin START] Reloading Section: "end-reload/EntryTypeRegistryImpl/" done in 70.59 μs
[22:59:03] [Server thread/TRACE] [REI] [REICommonPlugin START] Reloading Section: "end-reload/EntrySettingsAdapterRegistryImpl/"
[22:59:03] [Server thread/TRACE] [REI] [REICommonPlugin START] Reloading Section: "end-reload/EntrySettingsAdapterRegistryImpl/" done in 58.35 μs
[22:59:03] [Server thread/TRACE] [REI] [REICommonPlugin START] Reloading Section: "end-reload/ItemComparatorRegistryImpl/"
[22:59:03] [Server thread/TRACE] [REI] [REICommonPlugin START] Reloading Section: "end-reload/ItemComparatorRegistryImpl/" done in 47.30 μs
[22:59:03] [Server thread/TRACE] [REI] [REICommonPlugin START] Reloading Section: "end-reload/FluidComparatorRegistryImpl/"
[22:59:03] [Server thread/TRACE] [REI] [REICommonPlugin START] Reloading Section: "end-reload/FluidComparatorRegistryImpl/" done in 50.65 μs
[22:59:03] [Server thread/TRACE] [REI] [REICommonPlugin START] Reloading Section: "end-reload/DisplaySerializerRegistryImpl/"
[22:59:03] [Server thread/TRACE] [REI] [REICommonPlugin START] Reloading Section: "end-reload/DisplaySerializerRegistryImpl/" done in 48.79 μs
[22:59:03] [Server thread/TRACE] [REI] [REICommonPlugin START] Reloading Section: "end-reload/ServerDisplayRegistryImpl/"
[22:59:03] [Server thread/TRACE] [REI] [REICommonPlugin START] Reloading Section: "end-reload/ServerDisplayRegistryImpl/" done in 43.04 μs
[22:59:03] [Server thread/TRACE] [REI] [REICommonPlugin START] Reloading Section: "end-reload/FluidSupportProviderImpl/"
[22:59:03] [Server thread/TRACE] [REI] [REICommonPlugin START] Reloading Section: "end-reload/FluidSupportProviderImpl/" done in 45.80 μs
[22:59:03] [Server thread/TRACE] [REI] [REICommonPlugin START] Reloading Section: "end-reload/" done in 3.355 ms
[22:59:03] [Server thread/DEBUG] [REI] ========================================
[22:59:03] [Server thread/DEBUG] [REI] REICommonPlugin ended main-reload for START in 169.5 ms.
[22:59:03] [Server thread/DEBUG] [REI] ========================================
[22:59:03] [Server thread/DEBUG] [REI] ========================================
[22:59:03] [Server thread/DEBUG] [REI] REICommonPlugin starting post-reload for START.
[22:59:03] [Server thread/DEBUG] [REI] Reloadables (8):
[22:59:03] [Server thread/DEBUG] [REI]  - SlotAccessorRegistryImpl
[22:59:03] [Server thread/DEBUG] [REI]  - EntryTypeRegistryImpl
[22:59:03] [Server thread/DEBUG] [REI]  - EntrySettingsAdapterRegistryImpl
[22:59:03] [Server thread/DEBUG] [REI]  - ItemComparatorRegistryImpl
[22:59:03] [Server thread/DEBUG] [REI]  - FluidComparatorRegistryImpl
[22:59:03] [Server thread/DEBUG] [REI]  - DisplaySerializerRegistryImpl
[22:59:03] [Server thread/DEBUG] [REI]  - ServerDisplayRegistryImpl
[22:59:03] [Server thread/DEBUG] [REI]  - FluidSupportProviderImpl
[22:59:03] [Server thread/DEBUG] [REI] Plugins (4):
[22:59:03] [Server thread/DEBUG] [REI]  - (-100.00) DefaultPlugin of DefaultPlugin [roughlyenoughitems]
[22:59:03] [Server thread/DEBUG] [REI]  - (0.00) FabricFluidAPISupportPlugin
[22:59:03] [Server thread/DEBUG] [REI]  - (0.00) DefaultRuntimePlugin of DefaultRuntimePlugin [roughlyenoughitems]
[22:59:03] [Server thread/DEBUG] [REI]  - (0.00) AdornReiServer of AdornReiServer [adorn]
[22:59:03] [Server thread/DEBUG] [REI] ========================================
[22:59:03] [Server thread/TRACE] [REI] [REICommonPlugin START] Reloading Section: "post-register/"
[22:59:03] [Server thread/TRACE] [REI] [REICommonPlugin START] Reloading Section: "post-register/DefaultPlugin of DefaultPlugin [roughlyenoughitems]/"
[22:59:03] [Server thread/TRACE] [REI] [REICommonPlugin START] Reloading Section: "post-register/DefaultPlugin of DefaultPlugin [roughlyenoughitems]/" done in 4.259 ms
[22:59:03] [Server thread/TRACE] [REI] [REICommonPlugin START] Reloading Section: "post-register/FabricFluidAPISupportPlugin/"
[22:59:03] [Server thread/TRACE] [REI] [REICommonPlugin START] Reloading Section: "post-register/FabricFluidAPISupportPlugin/" done in 35.58 μs
[22:59:03] [Server thread/TRACE] [REI] [REICommonPlugin START] Reloading Section: "post-register/DefaultRuntimePlugin of DefaultRuntimePlugin [roughlyenoughitems]/"
[22:59:03] [Server thread/TRACE] [REI] [REICommonPlugin START] Reloading Section: "post-register/DefaultRuntimePlugin of DefaultRuntimePlugin [roughlyenoughitems]/" done in 41.21 μs
[22:59:03] [Server thread/TRACE] [REI] [REICommonPlugin START] Reloading Section: "post-register/AdornReiServer of AdornReiServer [adorn]/"
[22:59:03] [Server thread/TRACE] [REI] [REICommonPlugin START] Reloading Section: "post-register/AdornReiServer of AdornReiServer [adorn]/" done in 37.48 μs
[22:59:03] [Server thread/TRACE] [REI] [REICommonPlugin START] Reloading Section: "post-register/" done in 5.023 ms
[22:59:03] [Server thread/TRACE] [REI] [REICommonPlugin START] Reloading Section: "post-stage/"
[22:59:03] [Server thread/TRACE] [REI] [REICommonPlugin START] Reloading Section: "post-stage/SlotAccessorRegistryImpl/"
[22:59:03] [Server thread/TRACE] [REI] [REICommonPlugin START] Reloading Section: "post-stage/SlotAccessorRegistryImpl/" done in 84.57 μs
[22:59:03] [Server thread/TRACE] [REI] [REICommonPlugin START] Reloading Section: "post-stage/EntryTypeRegistryImpl/"
[22:59:03] [Server thread/TRACE] [REI] [REICommonPlugin START] Reloading Section: "post-stage/EntryTypeRegistryImpl/" done in 44.34 μs
[22:59:03] [Server thread/TRACE] [REI] [REICommonPlugin START] Reloading Section: "post-stage/EntrySettingsAdapterRegistryImpl/"
[22:59:03] [Server thread/TRACE] [REI] [REICommonPlugin START] Reloading Section: "post-stage/EntrySettingsAdapterRegistryImpl/" done in 45.77 μs
[22:59:03] [Server thread/TRACE] [REI] [REICommonPlugin START] Reloading Section: "post-stage/ItemComparatorRegistryImpl/"
[22:59:03] [Server thread/TRACE] [REI] [REICommonPlugin START] Reloading Section: "post-stage/ItemComparatorRegistryImpl/" done in 48.67 μs
[22:59:03] [Server thread/TRACE] [REI] [REICommonPlugin START] Reloading Section: "post-stage/FluidComparatorRegistryImpl/"
[22:59:03] [Server thread/TRACE] [REI] [REICommonPlugin START] Reloading Section: "post-stage/FluidComparatorRegistryImpl/" done in 41.20 μs
[22:59:03] [Server thread/TRACE] [REI] [REICommonPlugin START] Reloading Section: "post-stage/DisplaySerializerRegistryImpl/"
[22:59:03] [Server thread/TRACE] [REI] [REICommonPlugin START] Reloading Section: "post-stage/DisplaySerializerRegistryImpl/" done in 40.94 μs
[22:59:03] [Server thread/TRACE] [REI] [REICommonPlugin START] Reloading Section: "post-stage/ServerDisplayRegistryImpl/"
[22:59:03] [Server thread/TRACE] [REI] [REICommonPlugin START] Reloading Section: "post-stage/ServerDisplayRegistryImpl/" done in 41.75 μs
[22:59:03] [Server thread/TRACE] [REI] [REICommonPlugin START] Reloading Section: "post-stage/FluidSupportProviderImpl/"
[22:59:03] [Server thread/TRACE] [REI] [REICommonPlugin START] Reloading Section: "post-stage/FluidSupportProviderImpl/" done in 38.85 μs
[22:59:03] [Server thread/TRACE] [REI] [REICommonPlugin START] Reloading Section: "post-stage/" done in 1.303 ms
[22:59:03] [Server thread/DEBUG] [REI] ========================================
[22:59:03] [Server thread/INFO] [REI] REICommonPlugin finished post-reload for START in 8.993 ms, totaling 193.6 ms.
[22:59:03] [Server thread/DEBUG] [REI] ========================================
[22:59:03] [Server thread/DEBUG] [REI] ========================================
[22:59:03] [Server thread/DEBUG] [REI] REICommonPlugin starting pre-reload for END.
[22:59:03] [Server thread/DEBUG] [REI] Reloadables (8):
[22:59:03] [Server thread/DEBUG] [REI]  - SlotAccessorRegistryImpl
[22:59:03] [Server thread/DEBUG] [REI]  - EntryTypeRegistryImpl
[22:59:03] [Server thread/DEBUG] [REI]  - EntrySettingsAdapterRegistryImpl
[22:59:03] [Server thread/DEBUG] [REI]  - ItemComparatorRegistryImpl
[22:59:03] [Server thread/DEBUG] [REI]  - FluidComparatorRegistryImpl
[22:59:03] [Server thread/DEBUG] [REI]  - DisplaySerializerRegistryImpl
[22:59:03] [Server thread/DEBUG] [REI]  - ServerDisplayRegistryImpl
[22:59:03] [Server thread/DEBUG] [REI]  - FluidSupportProviderImpl
[22:59:03] [Server thread/DEBUG] [REI] Plugins (4):
[22:59:03] [Server thread/DEBUG] [REI]  - (-100.00) DefaultPlugin of DefaultPlugin [roughlyenoughitems]
[22:59:03] [Server thread/DEBUG] [REI]  - (0.00) FabricFluidAPISupportPlugin
[22:59:03] [Server thread/DEBUG] [REI]  - (0.00) DefaultRuntimePlugin of DefaultRuntimePlugin [roughlyenoughitems]
[22:59:03] [Server thread/DEBUG] [REI]  - (0.00) AdornReiServer of AdornReiServer [adorn]
[22:59:03] [Server thread/DEBUG] [REI] ========================================
[22:59:03] [Server thread/TRACE] [REI] [REICommonPlugin END] Reloading Section: "pre-register/"
[22:59:03] [Server thread/TRACE] [REI] [REICommonPlugin END] Reloading Section: "pre-register/DefaultPlugin of DefaultPlugin [roughlyenoughitems]/"
[22:59:03] [Server thread/TRACE] [REI] [REICommonPlugin END] Reloading Section: "pre-register/DefaultPlugin of DefaultPlugin [roughlyenoughitems]/" done in 42.91 μs
[22:59:03] [Server thread/TRACE] [REI] [REICommonPlugin END] Reloading Section: "pre-register/FabricFluidAPISupportPlugin/"
[22:59:03] [Server thread/TRACE] [REI] [REICommonPlugin END] Reloading Section: "pre-register/FabricFluidAPISupportPlugin/" done in 36.55 μs
[22:59:03] [Server thread/TRACE] [REI] [REICommonPlugin END] Reloading Section: "pre-register/DefaultRuntimePlugin of DefaultRuntimePlugin [roughlyenoughitems]/"
[22:59:03] [Server thread/TRACE] [REI] [REICommonPlugin END] Reloading Section: "pre-register/DefaultRuntimePlugin of DefaultRuntimePlugin [roughlyenoughitems]/" done in 33.72 μs
[22:59:03] [Server thread/TRACE] [REI] [REICommonPlugin END] Reloading Section: "pre-register/AdornReiServer of AdornReiServer [adorn]/"
[22:59:03] [Server thread/TRACE] [REI] [REICommonPlugin END] Reloading Section: "pre-register/AdornReiServer of AdornReiServer [adorn]/" done in 34.48 μs
[22:59:03] [Server thread/TRACE] [REI] [REICommonPlugin END] Reloading Section: "pre-register/" done in 546.5 μs
[22:59:03] [Server thread/TRACE] [REI] [REICommonPlugin END] Reloading Section: "pre-stage/"
[22:59:03] [Server thread/TRACE] [REI] [REICommonPlugin END] Reloading Section: "pre-stage/SlotAccessorRegistryImpl/"
[22:59:03] [Server thread/TRACE] [REI] [REICommonPlugin END] Reloading Section: "pre-stage/SlotAccessorRegistryImpl/" done in 34.70 μs
[22:59:03] [Server thread/TRACE] [REI] [REICommonPlugin END] Reloading Section: "pre-stage/EntryTypeRegistryImpl/"
[22:59:03] [Server thread/TRACE] [REI] [REICommonPlugin END] Reloading Section: "pre-stage/EntryTypeRegistryImpl/" done in 40.84 μs
[22:59:03] [Server thread/TRACE] [REI] [REICommonPlugin END] Reloading Section: "pre-stage/EntrySettingsAdapterRegistryImpl/"
[22:59:03] [Server thread/TRACE] [REI] [REICommonPlugin END] Reloading Section: "pre-stage/EntrySettingsAdapterRegistryImpl/" done in 27.29 μs
[22:59:03] [Server thread/TRACE] [REI] [REICommonPlugin END] Reloading Section: "pre-stage/ItemComparatorRegistryImpl/"
[22:59:03] [Server thread/TRACE] [REI] [REICommonPlugin END] Reloading Section: "pre-stage/ItemComparatorRegistryImpl/" done in 24.57 μs
[22:59:03] [Server thread/TRACE] [REI] [REICommonPlugin END] Reloading Section: "pre-stage/FluidComparatorRegistryImpl/"
[22:59:03] [Server thread/TRACE] [REI] [REICommonPlugin END] Reloading Section: "pre-stage/FluidComparatorRegistryImpl/" done in 28.64 μs
[22:59:03] [Server thread/TRACE] [REI] [REICommonPlugin END] Reloading Section: "pre-stage/DisplaySerializerRegistryImpl/"
[22:59:03] [Server thread/TRACE] [REI] [REICommonPlugin END] Reloading Section: "pre-stage/DisplaySerializerRegistryImpl/" done in 28.65 μs
[22:59:03] [Server thread/TRACE] [REI] [REICommonPlugin END] Reloading Section: "pre-stage/ServerDisplayRegistryImpl/"
[22:59:03] [Server thread/TRACE] [REI] [REICommonPlugin END] Reloading Section: "pre-stage/ServerDisplayRegistryImpl/" done in 25.36 μs
[22:59:03] [Server thread/TRACE] [REI] [REICommonPlugin END] Reloading Section: "pre-stage/FluidSupportProviderImpl/"
[22:59:03] [Server thread/TRACE] [REI] [REICommonPlugin END] Reloading Section: "pre-stage/FluidSupportProviderImpl/" done in 26.54 μs
[22:59:03] [Server thread/TRACE] [REI] [REICommonPlugin END] Reloading Section: "pre-stage/" done in 796.3 μs
[22:59:03] [Server thread/DEBUG] [REI] ========================================
[22:59:03] [Server thread/DEBUG] [REI] REICommonPlugin finished pre-reload for END in 9.610 ms.
[22:59:03] [Server thread/DEBUG] [REI] ========================================
[22:59:03] [Server thread/INFO] [REI] ########################################
[22:59:03] [Server thread/INFO] [REI] REICommonPlugin starting main-reload for END.
[22:59:03] [Server thread/DEBUG] [REI] Reloadables (8):
[22:59:03] [Server thread/DEBUG] [REI]  - SlotAccessorRegistryImpl
[22:59:03] [Server thread/DEBUG] [REI]  - EntryTypeRegistryImpl
[22:59:03] [Server thread/DEBUG] [REI]  - EntrySettingsAdapterRegistryImpl
[22:59:03] [Server thread/DEBUG] [REI]  - ItemComparatorRegistryImpl
[22:59:03] [Server thread/DEBUG] [REI]  - FluidComparatorRegistryImpl
[22:59:03] [Server thread/DEBUG] [REI]  - DisplaySerializerRegistryImpl
[22:59:03] [Server thread/DEBUG] [REI]  - ServerDisplayRegistryImpl
[22:59:03] [Server thread/DEBUG] [REI]  - FluidSupportProviderImpl
[22:59:03] [Server thread/INFO] [REI] Plugins (4):
[22:59:03] [Server thread/INFO] [REI]  - (-100.00) DefaultPlugin of DefaultPlugin [roughlyenoughitems]
[22:59:03] [Server thread/INFO] [REI]  - (0.00) FabricFluidAPISupportPlugin
[22:59:03] [Server thread/INFO] [REI]  - (0.00) DefaultRuntimePlugin of DefaultRuntimePlugin [roughlyenoughitems]
[22:59:03] [Server thread/INFO] [REI]  - (0.00) AdornReiServer of AdornReiServer [adorn]
[22:59:03] [Server thread/INFO] [REI] ########################################
[22:59:03] [Server thread/TRACE] [REI] [REICommonPlugin END] Reloading Section: "start-reload/"
[22:59:03] [Server thread/TRACE] [REI] [REICommonPlugin END] Reloading Section: "start-reload/SlotAccessorRegistryImpl/"
[22:59:03] [Server thread/TRACE] [REI] [REICommonPlugin END] Reloading Section: "start-reload/SlotAccessorRegistryImpl/" done in 80.73 μs
[22:59:03] [Server thread/TRACE] [REI] [REICommonPlugin END] Reloading Section: "start-reload/EntryTypeRegistryImpl/"
[22:59:03] [Server thread/TRACE] [REI] [REICommonPlugin END] Reloading Section: "start-reload/EntryTypeRegistryImpl/" done in 41.28 μs
[22:59:03] [Server thread/TRACE] [REI] [REICommonPlugin END] Reloading Section: "start-reload/EntrySettingsAdapterRegistryImpl/"
[22:59:03] [Server thread/TRACE] [REI] [REICommonPlugin END] Reloading Section: "start-reload/EntrySettingsAdapterRegistryImpl/" done in 41.68 μs
[22:59:03] [Server thread/TRACE] [REI] [REICommonPlugin END] Reloading Section: "start-reload/ItemComparatorRegistryImpl/"
[22:59:03] [Server thread/TRACE] [REI] [REICommonPlugin END] Reloading Section: "start-reload/ItemComparatorRegistryImpl/" done in 30.09 μs
[22:59:03] [Server thread/TRACE] [REI] [REICommonPlugin END] Reloading Section: "start-reload/FluidComparatorRegistryImpl/"
[22:59:03] [Server thread/TRACE] [REI] [REICommonPlugin END] Reloading Section: "start-reload/FluidComparatorRegistryImpl/" done in 29.28 μs
[22:59:03] [Server thread/TRACE] [REI] [REICommonPlugin END] Reloading Section: "start-reload/DisplaySerializerRegistryImpl/"
[22:59:03] [Server thread/TRACE] [REI] [REICommonPlugin END] Reloading Section: "start-reload/DisplaySerializerRegistryImpl/" done in 29.30 μs
[22:59:03] [Server thread/TRACE] [REI] [REICommonPlugin END] Reloading Section: "start-reload/ServerDisplayRegistryImpl/"
[22:59:03] [Server thread/TRACE] [REI] [REICommonPlugin END] Reloading Section: "start-reload/ServerDisplayRegistryImpl/" done in 73.97 μs
[22:59:03] [Server thread/TRACE] [REI] [REICommonPlugin END] Reloading Section: "start-reload/FluidSupportProviderImpl/"
[22:59:03] [Server thread/TRACE] [REI] [REICommonPlugin END] Reloading Section: "start-reload/FluidSupportProviderImpl/" done in 35.08 μs
[22:59:03] [Server thread/TRACE] [REI] [REICommonPlugin END] Reloading Section: "start-reload/" done in 1.001 ms
[22:59:03] [Server thread/DEBUG] [REI] ========================================
[22:59:03] [Server thread/DEBUG] [REI] REICommonPlugin started main-reload for END.
[22:59:03] [Server thread/DEBUG] [REI] ========================================
[22:59:03] [Server thread/TRACE] [REI] [REICommonPlugin END] Reloading Section: "reloadable-plugin/SlotAccessorRegistryImpl/"
[22:59:03] [Server thread/TRACE] [REI] [REICommonPlugin END] Reloading Section: "reloadable-plugin/SlotAccessorRegistryImpl/DefaultPlugin of DefaultPlugin [roughlyenoughitems]/"
[22:59:03] [Server thread/TRACE] [REI] [REICommonPlugin END] Reloading Section: "reloadable-plugin/SlotAccessorRegistryImpl/DefaultPlugin of DefaultPlugin [roughlyenoughitems]/" done in 63.94 μs
[22:59:03] [Server thread/TRACE] [REI] [REICommonPlugin END] Reloading Section: "reloadable-plugin/SlotAccessorRegistryImpl/FabricFluidAPISupportPlugin/"
[22:59:03] [Server thread/TRACE] [REI] [REICommonPlugin END] Reloading Section: "reloadable-plugin/SlotAccessorRegistryImpl/FabricFluidAPISupportPlugin/" done in 432.4 μs
[22:59:03] [Server thread/TRACE] [REI] [REICommonPlugin END] Reloading Section: "reloadable-plugin/SlotAccessorRegistryImpl/DefaultRuntimePlugin of DefaultRuntimePlugin [roughlyenoughitems]/"
[22:59:03] [Server thread/DEBUG] [REI] Added slot accessor serializer: me.shedaniel.rei.plugin.common.runtime.DefaultRuntimePlugin$1@2bde5697 [roughlyenoughitems:vanilla]
[22:59:03] [Server thread/DEBUG] [REI] Added slot accessor serializer: me.shedaniel.rei.plugin.common.runtime.DefaultRuntimePlugin$2@71e1b844 [roughlyenoughitems:player]
[22:59:03] [Server thread/TRACE] [REI] [REICommonPlugin END] Reloading Section: "reloadable-plugin/SlotAccessorRegistryImpl/DefaultRuntimePlugin of DefaultRuntimePlugin [roughlyenoughitems]/" done in 4.912 ms
[22:59:03] [Server thread/TRACE] [REI] [REICommonPlugin END] Reloading Section: "reloadable-plugin/SlotAccessorRegistryImpl/AdornReiServer of AdornReiServer [adorn]/"
[22:59:03] [Server thread/TRACE] [REI] [REICommonPlugin END] Reloading Section: "reloadable-plugin/SlotAccessorRegistryImpl/AdornReiServer of AdornReiServer [adorn]/" done in 947.1 μs
[22:59:03] [Server thread/TRACE] [REI] [REICommonPlugin END] Reloading Section: "reloadable-plugin/SlotAccessorRegistryImpl/" done in 9.084 ms
[22:59:03] [Server thread/TRACE] [REI] [REICommonPlugin END] Reloading Section: "reloadable-plugin/EntryTypeRegistryImpl/"
[22:59:03] [Server thread/TRACE] [REI] [REICommonPlugin END] Reloading Section: "reloadable-plugin/EntryTypeRegistryImpl/DefaultPlugin of DefaultPlugin [roughlyenoughitems]/"
[22:59:03] [Server thread/TRACE] [REI] [REICommonPlugin END] Reloading Section: "reloadable-plugin/EntryTypeRegistryImpl/DefaultPlugin of DefaultPlugin [roughlyenoughitems]/" done in 42.22 μs
[22:59:03] [Server thread/TRACE] [REI] [REICommonPlugin END] Reloading Section: "reloadable-plugin/EntryTypeRegistryImpl/FabricFluidAPISupportPlugin/"
[22:59:03] [Server thread/TRACE] [REI] [REICommonPlugin END] Reloading Section: "reloadable-plugin/EntryTypeRegistryImpl/FabricFluidAPISupportPlugin/" done in 43.18 μs
[22:59:03] [Server thread/TRACE] [REI] [REICommonPlugin END] Reloading Section: "reloadable-plugin/EntryTypeRegistryImpl/DefaultRuntimePlugin of DefaultRuntimePlugin [roughlyenoughitems]/"
[22:59:03] [Server thread/TRACE] [REI] [REICommonPlugin END] Reloading Section: "reloadable-plugin/EntryTypeRegistryImpl/DefaultRuntimePlugin of DefaultRuntimePlugin [roughlyenoughitems]/" done in 35.55 μs
[22:59:03] [Server thread/TRACE] [REI] [REICommonPlugin END] Reloading Section: "reloadable-plugin/EntryTypeRegistryImpl/AdornReiServer of AdornReiServer [adorn]/"
[22:59:03] [Server thread/TRACE] [REI] [REICommonPlugin END] Reloading Section: "reloadable-plugin/EntryTypeRegistryImpl/AdornReiServer of AdornReiServer [adorn]/" done in 1.085 ms
[22:59:03] [Server thread/TRACE] [REI] [REICommonPlugin END] Reloading Section: "reloadable-plugin/EntryTypeRegistryImpl/" done in 1.665 ms
[22:59:03] [Server thread/TRACE] [REI] [REICommonPlugin END] Reloading Section: "reloadable-plugin/EntrySettingsAdapterRegistryImpl/"
[22:59:03] [Server thread/TRACE] [REI] [REICommonPlugin END] Reloading Section: "reloadable-plugin/EntrySettingsAdapterRegistryImpl/DefaultPlugin of DefaultPlugin [roughlyenoughitems]/"
[22:59:03] [Server thread/TRACE] [REI] [REICommonPlugin END] Reloading Section: "reloadable-plugin/EntrySettingsAdapterRegistryImpl/DefaultPlugin of DefaultPlugin [roughlyenoughitems]/" done in 55.76 μs
[22:59:03] [Server thread/TRACE] [REI] [REICommonPlugin END] Reloading Section: "reloadable-plugin/EntrySettingsAdapterRegistryImpl/FabricFluidAPISupportPlugin/"
[22:59:03] [Server thread/TRACE] [REI] [REICommonPlugin END] Reloading Section: "reloadable-plugin/EntrySettingsAdapterRegistryImpl/FabricFluidAPISupportPlugin/" done in 40.56 μs
[22:59:03] [Server thread/TRACE] [REI] [REICommonPlugin END] Reloading Section: "reloadable-plugin/EntrySettingsAdapterRegistryImpl/DefaultRuntimePlugin of DefaultRuntimePlugin [roughlyenoughitems]/"
[22:59:03] [Server thread/TRACE] [REI] [REICommonPlugin END] Reloading Section: "reloadable-plugin/EntrySettingsAdapterRegistryImpl/DefaultRuntimePlugin of DefaultRuntimePlugin [roughlyenoughitems]/" done in 51.93 μs
[22:59:03] [Server thread/TRACE] [REI] [REICommonPlugin END] Reloading Section: "reloadable-plugin/EntrySettingsAdapterRegistryImpl/AdornReiServer of AdornReiServer [adorn]/"
[22:59:03] [Server thread/TRACE] [REI] [REICommonPlugin END] Reloading Section: "reloadable-plugin/EntrySettingsAdapterRegistryImpl/AdornReiServer of AdornReiServer [adorn]/" done in 41.69 μs
[22:59:03] [Server thread/TRACE] [REI] [REICommonPlugin END] Reloading Section: "reloadable-plugin/EntrySettingsAdapterRegistryImpl/" done in 569.3 μs
[22:59:03] [Server thread/TRACE] [REI] [REICommonPlugin END] Reloading Section: "reloadable-plugin/ItemComparatorRegistryImpl/"
[22:59:03] [Server thread/TRACE] [REI] [REICommonPlugin END] Reloading Section: "reloadable-plugin/ItemComparatorRegistryImpl/DefaultPlugin of DefaultPlugin [roughlyenoughitems]/"
[22:59:03] [Server thread/TRACE] [REI] [REICommonPlugin END] Reloading Section: "reloadable-plugin/ItemComparatorRegistryImpl/DefaultPlugin of DefaultPlugin [roughlyenoughitems]/" done in 2.079 ms
[22:59:03] [Server thread/TRACE] [REI] [REICommonPlugin END] Reloading Section: "reloadable-plugin/ItemComparatorRegistryImpl/FabricFluidAPISupportPlugin/"
[22:59:03] [Server thread/TRACE] [REI] [REICommonPlugin END] Reloading Section: "reloadable-plugin/ItemComparatorRegistryImpl/FabricFluidAPISupportPlugin/" done in 43.95 μs
[22:59:03] [Server thread/TRACE] [REI] [REICommonPlugin END] Reloading Section: "reloadable-plugin/ItemComparatorRegistryImpl/DefaultRuntimePlugin of DefaultRuntimePlugin [roughlyenoughitems]/"
[22:59:03] [Server thread/TRACE] [REI] [REICommonPlugin END] Reloading Section: "reloadable-plugin/ItemComparatorRegistryImpl/DefaultRuntimePlugin of DefaultRuntimePlugin [roughlyenoughitems]/" done in 54.69 μs
[22:59:03] [Server thread/TRACE] [REI] [REICommonPlugin END] Reloading Section: "reloadable-plugin/ItemComparatorRegistryImpl/AdornReiServer of AdornReiServer [adorn]/"
[22:59:03] [Server thread/TRACE] [REI] [REICommonPlugin END] Reloading Section: "reloadable-plugin/ItemComparatorRegistryImpl/AdornReiServer of AdornReiServer [adorn]/" done in 43.66 μs
[22:59:03] [Server thread/TRACE] [REI] [REICommonPlugin END] Reloading Section: "reloadable-plugin/ItemComparatorRegistryImpl/" done in 2.601 ms
[22:59:03] [Server thread/TRACE] [REI] [REICommonPlugin END] Reloading Section: "reloadable-plugin/FluidComparatorRegistryImpl/"
[22:59:03] [Server thread/TRACE] [REI] [REICommonPlugin END] Reloading Section: "reloadable-plugin/FluidComparatorRegistryImpl/DefaultPlugin of DefaultPlugin [roughlyenoughitems]/"
[22:59:03] [Server thread/TRACE] [REI] [REICommonPlugin END] Reloading Section: "reloadable-plugin/FluidComparatorRegistryImpl/DefaultPlugin of DefaultPlugin [roughlyenoughitems]/" done in 37.17 μs
[22:59:03] [Server thread/TRACE] [REI] [REICommonPlugin END] Reloading Section: "reloadable-plugin/FluidComparatorRegistryImpl/FabricFluidAPISupportPlugin/"
[22:59:03] [Server thread/TRACE] [REI] [REICommonPlugin END] Reloading Section: "reloadable-plugin/FluidComparatorRegistryImpl/FabricFluidAPISupportPlugin/" done in 37.24 μs
[22:59:03] [Server thread/TRACE] [REI] [REICommonPlugin END] Reloading Section: "reloadable-plugin/FluidComparatorRegistryImpl/DefaultRuntimePlugin of DefaultRuntimePlugin [roughlyenoughitems]/"
[22:59:03] [Server thread/TRACE] [REI] [REICommonPlugin END] Reloading Section: "reloadable-plugin/FluidComparatorRegistryImpl/DefaultRuntimePlugin of DefaultRuntimePlugin [roughlyenoughitems]/" done in 68.57 μs
[22:59:03] [Server thread/TRACE] [REI] [REICommonPlugin END] Reloading Section: "reloadable-plugin/FluidComparatorRegistryImpl/AdornReiServer of AdornReiServer [adorn]/"
[22:59:03] [Server thread/TRACE] [REI] [REICommonPlugin END] Reloading Section: "reloadable-plugin/FluidComparatorRegistryImpl/AdornReiServer of AdornReiServer [adorn]/" done in 35.91 μs
[22:59:03] [Server thread/TRACE] [REI] [REICommonPlugin END] Reloading Section: "reloadable-plugin/FluidComparatorRegistryImpl/" done in 4.003 ms
[22:59:03] [Server thread/TRACE] [REI] [REICommonPlugin END] Reloading Section: "reloadable-plugin/DisplaySerializerRegistryImpl/"
[22:59:03] [Server thread/TRACE] [REI] [REICommonPlugin END] Reloading Section: "reloadable-plugin/DisplaySerializerRegistryImpl/DefaultPlugin of DefaultPlugin [roughlyenoughitems]/"
[22:59:03] [Server thread/TRACE] [REI] [REICommonPlugin END] Reloading Section: "reloadable-plugin/DisplaySerializerRegistryImpl/DefaultPlugin of DefaultPlugin [roughlyenoughitems]/" done in 44.47 μs
[22:59:03] [Server thread/TRACE] [REI] [REICommonPlugin END] Reloading Section: "reloadable-plugin/DisplaySerializerRegistryImpl/FabricFluidAPISupportPlugin/"
[22:59:03] [Server thread/TRACE] [REI] [REICommonPlugin END] Reloading Section: "reloadable-plugin/DisplaySerializerRegistryImpl/FabricFluidAPISupportPlugin/" done in 42.65 μs
[22:59:03] [Server thread/TRACE] [REI] [REICommonPlugin END] Reloading Section: "reloadable-plugin/DisplaySerializerRegistryImpl/DefaultRuntimePlugin of DefaultRuntimePlugin [roughlyenoughitems]/"
[22:59:03] [Server thread/TRACE] [REI] [REICommonPlugin END] Reloading Section: "reloadable-plugin/DisplaySerializerRegistryImpl/DefaultRuntimePlugin of DefaultRuntimePlugin [roughlyenoughitems]/" done in 67.56 μs
[22:59:03] [Server thread/TRACE] [REI] [REICommonPlugin END] Reloading Section: "reloadable-plugin/DisplaySerializerRegistryImpl/AdornReiServer of AdornReiServer [adorn]/"
[22:59:03] [Server thread/TRACE] [REI] [REICommonPlugin END] Reloading Section: "reloadable-plugin/DisplaySerializerRegistryImpl/AdornReiServer of AdornReiServer [adorn]/" done in 33.54 μs
[22:59:03] [Server thread/TRACE] [REI] [REICommonPlugin END] Reloading Section: "reloadable-plugin/DisplaySerializerRegistryImpl/" done in 551.6 μs
[22:59:03] [Server thread/TRACE] [REI] [REICommonPlugin END] Reloading Section: "reloadable-plugin/ServerDisplayRegistryImpl/"
[22:59:03] [Server thread/TRACE] [REI] [REICommonPlugin END] Reloading Section: "reloadable-plugin/ServerDisplayRegistryImpl/DefaultPlugin of DefaultPlugin [roughlyenoughitems]/"
[22:59:03] [Server thread/DEBUG] [REI] Added display filter: me.shedaniel.rei.api.common.registry.display.DisplayConsumer$RecipeManagerConsumer$RecipeFillerBuilder$$Lambda/0x00007f0cc991ac88@6871497a
[22:59:03] [Server thread/DEBUG] [REI] Added display filter: me.shedaniel.rei.api.common.registry.display.DisplayConsumer$RecipeManagerConsumer$RecipeFillerBuilder$$Lambda/0x00007f0cc991ac88@6d356456
[22:59:03] [Server thread/DEBUG] [REI] Added display filter: me.shedaniel.rei.api.common.registry.display.DisplayConsumer$RecipeManagerConsumer$RecipeFillerBuilder$$Lambda/0x00007f0cc991ac88@180fb163
[22:59:03] [Server thread/DEBUG] [REI] Added display filter: me.shedaniel.rei.api.common.registry.display.DisplayConsumer$RecipeManagerConsumer$RecipeFillerBuilder$$Lambda/0x00007f0cc991ac88@10c62128
[22:59:03] [Server thread/DEBUG] [REI] Added display filter: me.shedaniel.rei.api.common.registry.display.DisplayConsumer$RecipeManagerConsumer$RecipeFillerBuilder$$Lambda/0x00007f0cc991ac88@375ce02a
[22:59:03] [Server thread/DEBUG] [REI] Added display filter: me.shedaniel.rei.api.common.registry.display.DisplayConsumer$RecipeManagerConsumer$RecipeFillerBuilder$$Lambda/0x00007f0cc991ac88@7f8faf94
[22:59:03] [Server thread/DEBUG] [REI] Added display filter: me.shedaniel.rei.api.common.registry.display.DisplayConsumer$RecipeManagerConsumer$RecipeFillerBuilder$$Lambda/0x00007f0cc991ac88@133eaa41
[22:59:03] [Server thread/DEBUG] [REI] Added display filter: me.shedaniel.rei.api.common.registry.display.DisplayConsumer$RecipeManagerConsumer$RecipeFillerBuilder$$Lambda/0x00007f0cc991c520@78b5d34e
[22:59:03] [Server thread/DEBUG] [REI] Added display filter: me.shedaniel.rei.api.common.registry.display.DisplayConsumer$RecipeManagerConsumer$RecipeFillerBuilder$$Lambda/0x00007f0cc991c520@713c7f4e
[22:59:03] [Server thread/DEBUG] [REI] Added display filter: me.shedaniel.rei.api.common.registry.display.DisplayConsumer$RecipeManagerConsumer$RecipeFillerBuilder$$Lambda/0x00007f0cc991c520@75e8e6bb
[22:59:03] [Server thread/DEBUG] [REI] Added display filter: me.shedaniel.rei.api.common.registry.display.DisplayConsumer$RecipeManagerConsumer$RecipeFillerBuilder$$Lambda/0x00007f0cc991c520@13c2ea32
[22:59:03] [Server thread/DEBUG] [REI] Added display filter: me.shedaniel.rei.api.common.registry.display.DisplayConsumer$RecipeManagerConsumer$RecipeFillerBuilder$$Lambda/0x00007f0cc991c520@453b74a7
[22:59:03] [Server thread/DEBUG] [REI] Added display filter: me.shedaniel.rei.api.common.registry.display.DisplayConsumer$RecipeManagerConsumer$RecipeFillerBuilder$$Lambda/0x00007f0cc991c520@576fb541
[22:59:03] [Server thread/DEBUG] [REI] Added display filter: me.shedaniel.rei.api.common.registry.display.DisplayConsumer$RecipeManagerConsumer$RecipeFillerBuilder$$Lambda/0x00007f0cc991c520@65004c29
[22:59:03] [Server thread/DEBUG] [REI] Added display filter: me.shedaniel.rei.api.common.registry.display.DisplayConsumer$RecipeManagerConsumer$RecipeFillerBuilder$$Lambda/0x00007f0cc991c520@6117a9c1
[22:59:03] [Server thread/DEBUG] [REI] Added display filter: me.shedaniel.rei.api.common.registry.display.DisplayConsumer$RecipeManagerConsumer$RecipeFillerBuilder$$Lambda/0x00007f0cc991c520@7f176708
[22:59:03] [Server thread/TRACE] [REI] [REICommonPlugin END] Reloading Section: "reloadable-plugin/ServerDisplayRegistryImpl/DefaultPlugin of DefaultPlugin [roughlyenoughitems]/" done in 14.02 ms
[22:59:03] [Server thread/TRACE] [REI] [REICommonPlugin END] Reloading Section: "reloadable-plugin/ServerDisplayRegistryImpl/FabricFluidAPISupportPlugin/"
[22:59:03] [Server thread/TRACE] [REI] [REICommonPlugin END] Reloading Section: "reloadable-plugin/ServerDisplayRegistryImpl/FabricFluidAPISupportPlugin/" done in 43.90 μs
[22:59:03] [Server thread/TRACE] [REI] [REICommonPlugin END] Reloading Section: "reloadable-plugin/ServerDisplayRegistryImpl/DefaultRuntimePlugin of DefaultRuntimePlugin [roughlyenoughitems]/"
[22:59:03] [Server thread/TRACE] [REI] [REICommonPlugin END] Reloading Section: "reloadable-plugin/ServerDisplayRegistryImpl/DefaultRuntimePlugin of DefaultRuntimePlugin [roughlyenoughitems]/" done in 37.50 μs
[22:59:03] [Server thread/TRACE] [REI] [REICommonPlugin END] Reloading Section: "reloadable-plugin/ServerDisplayRegistryImpl/AdornReiServer of AdornReiServer [adorn]/"
[22:59:03] [Server thread/DEBUG] [REI] Added display filter: me.shedaniel.rei.api.common.registry.display.DisplayConsumer$RecipeManagerConsumer$RecipeFillerBuilder$$Lambda/0x00007f0cc991ac88@327e6f94
[22:59:03] [Server thread/DEBUG] [REI] Added display filter: me.shedaniel.rei.api.common.registry.display.DisplayConsumer$RecipeManagerConsumer$RecipeFillerBuilder$$Lambda/0x00007f0cc991ac88@2a90945b
[22:59:03] [Server thread/TRACE] [REI] [REICommonPlugin END] Reloading Section: "reloadable-plugin/ServerDisplayRegistryImpl/AdornReiServer of AdornReiServer [adorn]/" done in 390.0 μs
[22:59:03] [Server thread/TRACE] [REI] [REICommonPlugin END] Reloading Section: "reloadable-plugin/ServerDisplayRegistryImpl/" done in 14.83 ms
[22:59:03] [Server thread/TRACE] [REI] [REICommonPlugin END] Reloading Section: "reloadable-plugin/FluidSupportProviderImpl/"
[22:59:03] [Server thread/TRACE] [REI] [REICommonPlugin END] Reloading Section: "reloadable-plugin/FluidSupportProviderImpl/DefaultPlugin of DefaultPlugin [roughlyenoughitems]/"
[22:59:03] [Server thread/TRACE] [REI] [REICommonPlugin END] Reloading Section: "reloadable-plugin/FluidSupportProviderImpl/DefaultPlugin of DefaultPlugin [roughlyenoughitems]/" done in 38.44 μs
[22:59:03] [Server thread/TRACE] [REI] [REICommonPlugin END] Reloading Section: "reloadable-plugin/FluidSupportProviderImpl/FabricFluidAPISupportPlugin/"
[22:59:03] [Server thread/TRACE] [REI] [REICommonPlugin END] Reloading Section: "reloadable-plugin/FluidSupportProviderImpl/FabricFluidAPISupportPlugin/" done in 36.54 μs
[22:59:03] [Server thread/TRACE] [REI] [REICommonPlugin END] Reloading Section: "reloadable-plugin/FluidSupportProviderImpl/DefaultRuntimePlugin of DefaultRuntimePlugin [roughlyenoughitems]/"
[22:59:03] [Server thread/TRACE] [REI] [REICommonPlugin END] Reloading Section: "reloadable-plugin/FluidSupportProviderImpl/DefaultRuntimePlugin of DefaultRuntimePlugin [roughlyenoughitems]/" done in 44.38 μs
[22:59:03] [Server thread/TRACE] [REI] [REICommonPlugin END] Reloading Section: "reloadable-plugin/FluidSupportProviderImpl/AdornReiServer of AdornReiServer [adorn]/"
[22:59:03] [Server thread/TRACE] [REI] [REICommonPlugin END] Reloading Section: "reloadable-plugin/FluidSupportProviderImpl/AdornReiServer of AdornReiServer [adorn]/" done in 55.48 μs
[22:59:03] [Server thread/TRACE] [REI] [REICommonPlugin END] Reloading Section: "reloadable-plugin/FluidSupportProviderImpl/" done in 484.0 μs
[22:59:03] [Server thread/DEBUG] [REI] ========================================
[22:59:03] [Server thread/DEBUG] [REI] REICommonPlugin ending main-reload for END.
[22:59:03] [Server thread/DEBUG] [REI] ========================================
[22:59:03] [Server thread/TRACE] [REI] [REICommonPlugin END] Reloading Section: "end-reload/"
[22:59:03] [Server thread/TRACE] [REI] [REICommonPlugin END] Reloading Section: "end-reload/SlotAccessorRegistryImpl/"
[22:59:03] [Server thread/DEBUG] [REI] Registered 2 slot accessor serializers
[22:59:03] [Server thread/TRACE] [REI] [REICommonPlugin END] Reloading Section: "end-reload/SlotAccessorRegistryImpl/" done in 102.9 μs
[22:59:03] [Server thread/TRACE] [REI] [REICommonPlugin END] Reloading Section: "end-reload/EntryTypeRegistryImpl/"
[22:59:03] [Server thread/TRACE] [REI] [REICommonPlugin END] Reloading Section: "end-reload/EntryTypeRegistryImpl/" done in 4.078 ms
[22:59:03] [Server thread/TRACE] [REI] [REICommonPlugin END] Reloading Section: "end-reload/EntrySettingsAdapterRegistryImpl/"
[22:59:03] [Server thread/TRACE] [REI] [REICommonPlugin END] Reloading Section: "end-reload/EntrySettingsAdapterRegistryImpl/" done in 23.60 μs
[22:59:03] [Server thread/TRACE] [REI] [REICommonPlugin END] Reloading Section: "end-reload/ItemComparatorRegistryImpl/"
[22:59:03] [Server thread/TRACE] [REI] [REICommonPlugin END] Reloading Section: "end-reload/ItemComparatorRegistryImpl/" done in 28.33 μs
[22:59:03] [Server thread/TRACE] [REI] [REICommonPlugin END] Reloading Section: "end-reload/FluidComparatorRegistryImpl/"
[22:59:03] [Server thread/TRACE] [REI] [REICommonPlugin END] Reloading Section: "end-reload/FluidComparatorRegistryImpl/" done in 25.88 μs
[22:59:03] [Server thread/TRACE] [REI] [REICommonPlugin END] Reloading Section: "end-reload/DisplaySerializerRegistryImpl/"
[22:59:03] [Server thread/TRACE] [REI] [REICommonPlugin END] Reloading Section: "end-reload/DisplaySerializerRegistryImpl/" done in 34.46 μs
[22:59:03] [Server thread/TRACE] [REI] [REICommonPlugin END] Reloading Section: "end-reload/ServerDisplayRegistryImpl/"
[22:59:03] [Server thread/DEBUG] [REI] Found preliminary 0 displays
[22:59:03] [Server thread/DEBUG] [REI] Filled 6111 displays from recipe manager in 319.8 ms
[22:59:03] [Server thread/TRACE] [REI] [REICommonPlugin END] Reloading Section: "end-reload/ServerDisplayRegistryImpl/" done in 320.1 ms
[22:59:03] [Server thread/TRACE] [REI] [REICommonPlugin END] Reloading Section: "end-reload/FluidSupportProviderImpl/"
[22:59:03] [Server thread/TRACE] [REI] [REICommonPlugin END] Reloading Section: "end-reload/FluidSupportProviderImpl/" done in 28.94 μs
[22:59:03] [Server thread/TRACE] [REI] [REICommonPlugin END] Reloading Section: "end-reload/" done in 325.0 ms
[22:59:03] [Server thread/DEBUG] [REI] ========================================
[22:59:03] [Server thread/DEBUG] [REI] REICommonPlugin ended main-reload for END in 370.6 ms.
[22:59:03] [Server thread/DEBUG] [REI] ========================================
[22:59:03] [Server thread/DEBUG] [REI] ========================================
[22:59:03] [Server thread/DEBUG] [REI] REICommonPlugin starting post-reload for END.
[22:59:03] [Server thread/DEBUG] [REI] Reloadables (8):
[22:59:03] [Server thread/DEBUG] [REI]  - SlotAccessorRegistryImpl
[22:59:03] [Server thread/DEBUG] [REI]  - EntryTypeRegistryImpl
[22:59:03] [Server thread/DEBUG] [REI]  - EntrySettingsAdapterRegistryImpl
[22:59:03] [Server thread/DEBUG] [REI]  - ItemComparatorRegistryImpl
[22:59:03] [Server thread/DEBUG] [REI]  - FluidComparatorRegistryImpl
[22:59:03] [Server thread/DEBUG] [REI]  - DisplaySerializerRegistryImpl
[22:59:03] [Server thread/DEBUG] [REI]  - ServerDisplayRegistryImpl
[22:59:03] [Server thread/DEBUG] [REI]  - FluidSupportProviderImpl
[22:59:03] [Server thread/DEBUG] [REI] Plugins (4):
[22:59:03] [Server thread/DEBUG] [REI]  - (-100.00) DefaultPlugin of DefaultPlugin [roughlyenoughitems]
[22:59:03] [Server thread/DEBUG] [REI]  - (0.00) FabricFluidAPISupportPlugin
[22:59:03] [Server thread/DEBUG] [REI]  - (0.00) DefaultRuntimePlugin of DefaultRuntimePlugin [roughlyenoughitems]
[22:59:03] [Server thread/DEBUG] [REI]  - (0.00) AdornReiServer of AdornReiServer [adorn]
[22:59:03] [Server thread/DEBUG] [REI] ========================================
[22:59:03] [Server thread/TRACE] [REI] [REICommonPlugin END] Reloading Section: "post-register/"
[22:59:03] [Server thread/TRACE] [REI] [REICommonPlugin END] Reloading Section: "post-register/DefaultPlugin of DefaultPlugin [roughlyenoughitems]/"
[22:59:03] [Server thread/TRACE] [REI] [REICommonPlugin END] Reloading Section: "post-register/DefaultPlugin of DefaultPlugin [roughlyenoughitems]/" done in 31.13 μs
[22:59:03] [Server thread/TRACE] [REI] [REICommonPlugin END] Reloading Section: "post-register/FabricFluidAPISupportPlugin/"
[22:59:03] [Server thread/TRACE] [REI] [REICommonPlugin END] Reloading Section: "post-register/FabricFluidAPISupportPlugin/" done in 23.61 μs
[22:59:03] [Server thread/TRACE] [REI] [REICommonPlugin END] Reloading Section: "post-register/DefaultRuntimePlugin of DefaultRuntimePlugin [roughlyenoughitems]/"
[22:59:03] [Server thread/TRACE] [REI] [REICommonPlugin END] Reloading Section: "post-register/DefaultRuntimePlugin of DefaultRuntimePlugin [roughlyenoughitems]/" done in 22.97 μs
[22:59:03] [Server thread/TRACE] [REI] [REICommonPlugin END] Reloading Section: "post-register/AdornReiServer of AdornReiServer [adorn]/"
[22:59:03] [Server thread/TRACE] [REI] [REICommonPlugin END] Reloading Section: "post-register/AdornReiServer of AdornReiServer [adorn]/" done in 23.93 μs
[22:59:03] [Server thread/TRACE] [REI] [REICommonPlugin END] Reloading Section: "post-register/" done in 361.6 μs
[22:59:03] [Server thread/TRACE] [REI] [REICommonPlugin END] Reloading Section: "post-stage/"
[22:59:03] [Server thread/TRACE] [REI] [REICommonPlugin END] Reloading Section: "post-stage/SlotAccessorRegistryImpl/"
[22:59:03] [Server thread/TRACE] [REI] [REICommonPlugin END] Reloading Section: "post-stage/SlotAccessorRegistryImpl/" done in 22.20 μs
[22:59:03] [Server thread/TRACE] [REI] [REICommonPlugin END] Reloading Section: "post-stage/EntryTypeRegistryImpl/"
[22:59:03] [Server thread/TRACE] [REI] [REICommonPlugin END] Reloading Section: "post-stage/EntryTypeRegistryImpl/" done in 20.14 μs
[22:59:03] [Server thread/TRACE] [REI] [REICommonPlugin END] Reloading Section: "post-stage/EntrySettingsAdapterRegistryImpl/"
[22:59:03] [Server thread/TRACE] [REI] [REICommonPlugin END] Reloading Section: "post-stage/EntrySettingsAdapterRegistryImpl/" done in 54.07 μs
[22:59:03] [Server thread/TRACE] [REI] [REICommonPlugin END] Reloading Section: "post-stage/ItemComparatorRegistryImpl/"
[22:59:03] [Server thread/TRACE] [REI] [REICommonPlugin END] Reloading Section: "post-stage/ItemComparatorRegistryImpl/" done in 22.02 μs
[22:59:03] [Server thread/TRACE] [REI] [REICommonPlugin END] Reloading Section: "post-stage/FluidComparatorRegistryImpl/"
[22:59:03] [Server thread/TRACE] [REI] [REICommonPlugin END] Reloading Section: "post-stage/FluidComparatorRegistryImpl/" done in 18.72 μs
[22:59:03] [Server thread/TRACE] [REI] [REICommonPlugin END] Reloading Section: "post-stage/DisplaySerializerRegistryImpl/"
[22:59:03] [Server thread/TRACE] [REI] [REICommonPlugin END] Reloading Section: "post-stage/DisplaySerializerRegistryImpl/" done in 20.00 μs
[22:59:03] [Server thread/TRACE] [REI] [REICommonPlugin END] Reloading Section: "post-stage/ServerDisplayRegistryImpl/"
[22:59:03] [Server thread/TRACE] [REI] [REICommonPlugin END] Reloading Section: "post-stage/ServerDisplayRegistryImpl/" done in 22.73 μs
[22:59:03] [Server thread/TRACE] [REI] [REICommonPlugin END] Reloading Section: "post-stage/FluidSupportProviderImpl/"
[22:59:03] [Server thread/TRACE] [REI] [REICommonPlugin END] Reloading Section: "post-stage/FluidSupportProviderImpl/" done in 20.73 μs
[22:59:03] [Server thread/TRACE] [REI] [REICommonPlugin END] Reloading Section: "post-stage/" done in 587.6 μs
[22:59:03] [Server thread/DEBUG] [REI] ========================================
[22:59:03] [Server thread/INFO] [REI] REICommonPlugin finished post-reload for END in 1.031 ms, totaling 381.3 ms.
[22:59:03] [Server thread/DEBUG] [REI] ========================================
[22:59:04] [Server thread/DEBUG] [REI] Updating players with new displays version 1FCCFD9E00000001 [from 1FCCFD9E00000000]
[23:00:03] [Server thread/DEBUG] [REI] Player T-800 has outdated displays version 0 [latest version: 1FCCFD9E00000001]
[23:00:03] [Server thread/DEBUG] [REI] Player T-800 has outdated displays version 0 [latest version: 1FCCFD9E00000001], sending reset packet request.
